#
# There is insufficient memory for the Java Runtime Environment to continue.
# Native memory allocation (mmap) failed to map 13631488 bytes for Failed to commit area from 0x0000000083f00000 to 0x0000000084c00000 of length 13631488.
# Possible reasons:
#   The system is out of physical RAM or swap space
#   The process is running with CompressedOops enabled, and the Java Heap may be blocking the growth of the native heap
# Possible solutions:
#   Reduce memory load on the system
#   Increase physical memory or swap space
#   Check if swap backing store is full
#   Decrease Java heap size (-Xmx/-Xms)
#   Decrease number of Java threads
#   Decrease Java thread stack sizes (-Xss)
#   Set larger code cache with -XX:ReservedCodeCacheSize=
#   JVM is running with Unscaled Compressed Oops mode in which the Java heap is
#     placed in the first 4GB address space. The Java Heap base address is the
#     maximum limit for the native heap growth. Please use -XX:HeapBaseMinAddress
#     to set the Java Heap base and to place the Java Heap above 4GB virtual address.
# This output file may be truncated or incomplete.
#
#  Out of Memory Error (./src/hotspot/os/windows/os_windows.cpp:3301), pid=11244, tid=1684
#
# JRE version: OpenJDK Runtime Environment (11.0.10) (build 11.0.10+0-b96-7249189)
# Java VM: OpenJDK 64-Bit Server VM (11.0.10+0-b96-7249189, mixed mode, tiered, compressed oops, g1 gc, windows-amd64)
# No core dump will be written. Minidumps are not enabled by default on client versions of Windows
#

---------------  S U M M A R Y ------------

Command Line: --add-opens=java.base/java.util=ALL-UNNAMED --add-opens=java.base/java.lang=ALL-UNNAMED --add-opens=java.base/java.lang.invoke=ALL-UNNAMED --add-opens=java.base/java.util=ALL-UNNAMED --add-opens=java.prefs/java.util.prefs=ALL-UNNAMED --add-opens=java.prefs/java.util.prefs=ALL-UNNAMED --add-opens=java.base/java.nio.charset=ALL-UNNAMED --add-opens=java.base/java.net=ALL-UNNAMED --add-opens=java.base/java.util.concurrent.atomic=ALL-UNNAMED -Xmx2048m -Dfile.encoding=UTF-8 -Duser.country=US -Duser.language=en -Duser.variant org.gradle.launcher.daemon.bootstrap.GradleDaemon 7.0.2

Host: Intel(R) Core(TM) i5-4200M CPU @ 2.50GHz, 4 cores, 3G,  Windows 10 , 64 bit Build 19041 (10.0.19041.1466)
Time: Wed Jan 26 18:56:05 2022 Turkey Standard Time elapsed time: 7.774542 seconds (0d 0h 0m 7s)

---------------  T H R E A D  ---------------

Current thread (0x000001d965bce000):  VMThread "VM Thread" [stack: 0x000000becc700000,0x000000becc800000] [id=1684]

Stack: [0x000000becc700000,0x000000becc800000]
[error occurred during error reporting (printing stack bounds), id 0xc0000005, EXCEPTION_ACCESS_VIOLATION (0xc0000005) at pc=0x000001d94ec10f2d]

Native frames: (J=compiled Java code, j=interpreted, Vv=VM code, C=native code)
V  [jvm.dll+0x5ecfaa]
V  [jvm.dll+0x722bd5]
V  [jvm.dll+0x72412d]
V  [jvm.dll+0x724745]
V  [jvm.dll+0x7246fb]
V  [jvm.dll+0x5ec348]
V  [jvm.dll+0x5ecad8]
C  [ntdll.dll+0xa20cf]
C  [ntdll.dll+0x51454]
C  [ntdll.dll+0xa0bfe]
C  0x000001d94ec10f2d

VM_Operation (0x000000becdbf8170): G1CollectForAllocation, mode: safepoint, requested by thread 0x000001d967d6f000


---------------  P R O C E S S  ---------------

Threads class SMR info:
_java_thread_list=0x000001d968ca3f80, length=34, elements={
0x000001d94b11c000, 0x000001d965bd2000, 0x000001d965be0000, 0x000001d965c30800,
0x000001d965c33000, 0x000001d965c35800, 0x000001d965c37000, 0x000001d965c45800,
0x000001d965c4b000, 0x000001d965ebe800, 0x000001d96786f000, 0x000001d9670af800,
0x000001d96730a800, 0x000001d96806d800, 0x000001d967d6e000, 0x000001d96786c800,
0x000001d967d6f000, 0x000001d9676f8800, 0x000001d9669c6000, 0x000001d96777e000,
0x000001d967779000, 0x000001d967778800, 0x000001d96777f000, 0x000001d96777a000,
0x000001d96777a800, 0x000001d96777b800, 0x000001d96777c800, 0x000001d96777d000,
0x000001d96881a800, 0x000001d96881d800, 0x000001d96881e800, 0x000001d96881b800,
0x000001d968821000, 0x000001d968820000
}

Java Threads: ( => current thread )
  0x000001d94b11c000 JavaThread "main" [_thread_blocked, id=10036, stack(0x000000becc100000,0x000000becc200000)]
  0x000001d965bd2000 JavaThread "Reference Handler" daemon [_thread_blocked, id=12492, stack(0x000000becc800000,0x000000becc900000)]
  0x000001d965be0000 JavaThread "Finalizer" daemon [_thread_blocked, id=8872, stack(0x000000becc900000,0x000000becca00000)]
  0x000001d965c30800 JavaThread "Signal Dispatcher" daemon [_thread_blocked, id=7120, stack(0x000000becca00000,0x000000beccb00000)]
  0x000001d965c33000 JavaThread "Attach Listener" daemon [_thread_blocked, id=12692, stack(0x000000beccb00000,0x000000beccc00000)]
  0x000001d965c35800 JavaThread "Service Thread" daemon [_thread_blocked, id=6208, stack(0x000000beccc00000,0x000000beccd00000)]
  0x000001d965c37000 JavaThread "C2 CompilerThread0" daemon [_thread_in_native, id=460, stack(0x000000beccd00000,0x000000becce00000)]
  0x000001d965c45800 JavaThread "C1 CompilerThread0" daemon [_thread_blocked, id=3564, stack(0x000000becce00000,0x000000beccf00000)]
  0x000001d965c4b000 JavaThread "Sweeper thread" daemon [_thread_blocked, id=10688, stack(0x000000beccf00000,0x000000becd000000)]
  0x000001d965ebe800 JavaThread "Common-Cleaner" daemon [_thread_blocked, id=872, stack(0x000000becd000000,0x000000becd100000)]
  0x000001d96786f000 JavaThread "Daemon health stats" [_thread_blocked, id=9064, stack(0x000000becd300000,0x000000becd400000)]
  0x000001d9670af800 JavaThread "Incoming local TCP Connector on port 51673" [_thread_in_native, id=6396, stack(0x000000becd400000,0x000000becd500000)]
  0x000001d96730a800 JavaThread "Daemon periodic checks" [_thread_blocked, id=1676, stack(0x000000becd700000,0x000000becd800000)]
  0x000001d96806d800 JavaThread "Daemon" [_thread_blocked, id=12148, stack(0x000000becd800000,0x000000becd900000)]
  0x000001d967d6e000 JavaThread "Handler for socket connection from /127.0.0.1:51673 to /127.0.0.1:51674" [_thread_in_native, id=8272, stack(0x000000becd900000,0x000000becda00000)]
  0x000001d96786c800 JavaThread "Cancel handler" [_thread_blocked, id=888, stack(0x000000becda00000,0x000000becdb00000)]
  0x000001d967d6f000 JavaThread "Daemon worker" [_thread_blocked, id=9332, stack(0x000000becdb00000,0x000000becdc00000)]
  0x000001d9676f8800 JavaThread "Asynchronous log dispatcher for DefaultDaemonConnection: socket connection from /127.0.0.1:51673 to /127.0.0.1:51674" [_thread_blocked, id=13068, stack(0x000000becdc00000,0x000000becdd00000)]
  0x000001d9669c6000 JavaThread "Stdin handler" [_thread_blocked, id=7812, stack(0x000000becdd00000,0x000000becde00000)]
  0x000001d96777e000 JavaThread "Daemon client event forwarder" [_thread_blocked, id=12664, stack(0x000000becde00000,0x000000becdf00000)]
  0x000001d967779000 JavaThread "Cache worker for file hash cache (C:\Users\devos\.gradle\caches\7.0.2\fileHashes)" [_thread_blocked, id=10684, stack(0x000000becdf00000,0x000000bece000000)]
  0x000001d967778800 JavaThread "File lock request listener" [_thread_in_native, id=10788, stack(0x000000bece000000,0x000000bece100000)]
  0x000001d96777f000 JavaThread "Cache worker for journal cache (C:\Users\devos\.gradle\caches\journal-1)" [_thread_blocked, id=3440, stack(0x000000bece100000,0x000000bece200000)]
  0x000001d96777a000 JavaThread "Cache worker for file hash cache (C:\Users\devos\AndroidStudioProjects\PhoneApp\.gradle\7.0.2\fileHashes)" [_thread_blocked, id=9252, stack(0x000000bece200000,0x000000bece300000)]
  0x000001d96777a800 JavaThread "File watcher server" daemon [_thread_in_native, id=9180, stack(0x000000bece300000,0x000000bece400000)]
  0x000001d96777b800 JavaThread "File watcher consumer" daemon [_thread_blocked, id=12496, stack(0x000000bece400000,0x000000bece500000)]
  0x000001d96777c800 JavaThread "jar transforms" [_thread_blocked, id=3036, stack(0x000000bece500000,0x000000bece600000)]
  0x000001d96777d000 JavaThread "jar transforms Thread 2" [_thread_blocked, id=12352, stack(0x000000bece600000,0x000000bece700000)]
  0x000001d96881a800 JavaThread "jar transforms Thread 3" [_thread_blocked, id=9084, stack(0x000000bece700000,0x000000bece800000)]
  0x000001d96881d800 JavaThread "jar transforms Thread 4" [_thread_blocked, id=9156, stack(0x000000bece800000,0x000000bece900000)]
  0x000001d96881e800 JavaThread "Cache worker for checksums cache (C:\Users\devos\AndroidStudioProjects\PhoneApp\.gradle\checksums)" [_thread_blocked, id=11280, stack(0x000000bece900000,0x000000becea00000)]
  0x000001d96881b800 JavaThread "Cache worker for cache directory md-supplier (C:\Users\devos\.gradle\caches\7.0.2\md-supplier)" [_thread_blocked, id=8068, stack(0x000000becea00000,0x000000beceb00000)]
  0x000001d968821000 JavaThread "Cache worker for cache directory md-rule (C:\Users\devos\.gradle\caches\7.0.2\md-rule)" [_thread_blocked, id=5756, stack(0x000000beceb00000,0x000000becec00000)]
  0x000001d968820000 JavaThread "Cache worker for execution history cache (C:\Users\devos\.gradle\caches\7.0.2\executionHistory)" [_thread_blocked, id=12176, stack(0x000000becec00000,0x000000beced00000)]

Other Threads:
=>0x000001d965bce000 VMThread "VM Thread" [stack: 0x000000becc700000,0x000000becc800000] [id=1684]
  0x000001d965ec4000 WatcherThread [stack: 0x000000becd100000,0x000000becd200000] [id=11032]
  0x000001d94b132800 GCTaskThread "GC Thread#0" [stack: 0x000000becc200000,0x000000becc300000] [id=11556]
  0x000001d9663e7000 GCTaskThread "GC Thread#1" [stack: 0x000000becd200000,0x000000becd300000] [id=2788]
  0x000001d96699c800 GCTaskThread "GC Thread#2" [stack: 0x000000becd500000,0x000000becd600000] [id=11452]
  0x000001d9674cd000 GCTaskThread "GC Thread#3" [stack: 0x000000becd600000,0x000000becd700000] [id=9808]
  0x000001d94b165000 ConcurrentGCThread "G1 Main Marker" [stack: 0x000000becc300000,0x000000becc400000] [id=9884]
  0x000001d94b166000 ConcurrentGCThread "G1 Conc#0" [stack: 0x000000becc400000,0x000000becc500000] [id=12736]
  0x000001d94b1ab800 ConcurrentGCThread "G1 Refine#0" [stack: 0x000000becc500000,0x000000becc600000] [id=5904]
  0x000001d94b1ad000 ConcurrentGCThread "G1 Young RemSet Sampling" [stack: 0x000000becc600000,0x000000becc700000] [id=11588]

Threads with active compile tasks:
C2 CompilerThread0   7799 3025   !   4       jdk.internal.loader.URLClassPath$JarLoader::getResource (353 bytes)
C1 CompilerThread0   7799 3244   !   2       java.nio.file.FileTreeWalker::visit (204 bytes)

VM state:at safepoint (normal execution)

VM Mutex/Monitor currently owned by a thread:  ([mutex/lock_event])
[0x000001d94b117280] Threads_lock - owner thread: 0x000001d965bce000
[0x000001d94b117670] Heap_lock - owner thread: 0x000001d967d6f000

Heap address: 0x0000000080000000, size: 2048 MB, Compressed Oops mode: 32-bit
Narrow klass base: 0x0000000000000000, Narrow klass shift: 3
Compressed class space size: 1073741824 Address: 0x0000000100000000

Heap:
 garbage-first heap   total 77824K, used 37827K [0x0000000080000000, 0x0000000100000000)
  region size 1024K, 3 young (3072K), 3 survivors (3072K)
 Metaspace       used 37595K, capacity 38560K, committed 38784K, reserved 1083392K
  class space    used 4868K, capacity 5207K, committed 5248K, reserved 1048576K
Heap Regions: E=young(eden), S=young(survivor), O=old, HS=humongous(starts), HC=humongous(continues), CS=collection set, F=free, A=archive, TAMS=top-at-mark-start (previous, next)
|   0|0x0000000080000000, 0x0000000080100000, 0x0000000080100000|100%| O|  |TAMS 0x0000000080100000, 0x0000000080100000| Untracked 
|   1|0x0000000080100000, 0x0000000080200000, 0x0000000080200000|100%| O|  |TAMS 0x0000000080200000, 0x0000000080200000| Untracked 
|   2|0x0000000080200000, 0x0000000080300000, 0x0000000080300000|100%| O|  |TAMS 0x0000000080300000, 0x0000000080300000| Untracked 
|   3|0x0000000080300000, 0x0000000080400000, 0x0000000080400000|100%|HS|  |TAMS 0x0000000080400000, 0x0000000080400000| Complete 
|   4|0x0000000080400000, 0x0000000080500000, 0x0000000080500000|100%|HC|  |TAMS 0x0000000080500000, 0x0000000080500000| Complete 
|   5|0x0000000080500000, 0x0000000080600000, 0x0000000080600000|100%|HC|  |TAMS 0x0000000080600000, 0x0000000080600000| Complete 
|   6|0x0000000080600000, 0x0000000080700000, 0x0000000080700000|100%| O|  |TAMS 0x0000000080700000, 0x0000000080700000| Untracked 
|   7|0x0000000080700000, 0x0000000080800000, 0x0000000080800000|100%| O|  |TAMS 0x0000000080800000, 0x0000000080800000| Untracked 
|   8|0x0000000080800000, 0x0000000080900000, 0x0000000080900000|100%| O|  |TAMS 0x0000000080900000, 0x0000000080900000| Untracked 
|   9|0x0000000080900000, 0x0000000080a00000, 0x0000000080a00000|100%| O|  |TAMS 0x0000000080a00000, 0x0000000080a00000| Untracked 
|  10|0x0000000080a00000, 0x0000000080b00000, 0x0000000080b00000|100%| O|  |TAMS 0x0000000080b00000, 0x0000000080b00000| Untracked 
|  11|0x0000000080b00000, 0x0000000080c00000, 0x0000000080c00000|100%| O|  |TAMS 0x0000000080c00000, 0x0000000080c00000| Untracked 
|  12|0x0000000080c00000, 0x0000000080d00000, 0x0000000080d00000|100%| O|  |TAMS 0x0000000080d00000, 0x0000000080d00000| Untracked 
|  13|0x0000000080d00000, 0x0000000080e00000, 0x0000000080e00000|100%| O|  |TAMS 0x0000000080e00000, 0x0000000080e00000| Untracked 
|  14|0x0000000080e00000, 0x0000000080f00000, 0x0000000080f00000|100%| O|  |TAMS 0x0000000080f00000, 0x0000000080f00000| Untracked 
|  15|0x0000000080f00000, 0x0000000081000000, 0x0000000081000000|100%| O|  |TAMS 0x0000000081000000, 0x0000000081000000| Untracked 
|  16|0x0000000081000000, 0x0000000081100000, 0x0000000081100000|100%| O|  |TAMS 0x0000000081100000, 0x0000000081100000| Untracked 
|  17|0x0000000081100000, 0x0000000081200000, 0x0000000081200000|100%|HS|  |TAMS 0x0000000081200000, 0x0000000081200000| Complete 
|  18|0x0000000081200000, 0x0000000081300000, 0x0000000081300000|100%|HC|  |TAMS 0x0000000081300000, 0x0000000081300000| Complete 
|  19|0x0000000081300000, 0x0000000081400000, 0x0000000081400000|100%|HS|  |TAMS 0x0000000081400000, 0x0000000081400000| Complete 
|  20|0x0000000081400000, 0x0000000081500000, 0x0000000081500000|100%|HC|  |TAMS 0x0000000081500000, 0x0000000081500000| Complete 
|  21|0x0000000081500000, 0x0000000081600000, 0x0000000081600000|100%|HC|  |TAMS 0x0000000081600000, 0x0000000081600000| Complete 
|  22|0x0000000081600000, 0x0000000081700000, 0x0000000081700000|100%|HS|  |TAMS 0x0000000081700000, 0x0000000081700000| Complete 
|  23|0x0000000081700000, 0x0000000081800000, 0x0000000081800000|100%|HC|  |TAMS 0x0000000081800000, 0x0000000081800000| Complete 
|  24|0x0000000081800000, 0x0000000081900000, 0x0000000081900000|100%|HC|  |TAMS 0x0000000081900000, 0x0000000081900000| Complete 
|  25|0x0000000081900000, 0x0000000081a00000, 0x0000000081a00000|100%|HC|  |TAMS 0x0000000081a00000, 0x0000000081a00000| Complete 
|  26|0x0000000081a00000, 0x0000000081b00000, 0x0000000081b00000|100%|HC|  |TAMS 0x0000000081b00000, 0x0000000081b00000| Complete 
|  27|0x0000000081b00000, 0x0000000081c00000, 0x0000000081c00000|100%| O|  |TAMS 0x0000000081c00000, 0x0000000081c00000| Untracked 
|  28|0x0000000081c00000, 0x0000000081d00000, 0x0000000081d00000|100%| O|  |TAMS 0x0000000081d00000, 0x0000000081d00000| Untracked 
|  29|0x0000000081d00000, 0x0000000081e00000, 0x0000000081e00000|100%| O|  |TAMS 0x0000000081e00000, 0x0000000081e00000| Untracked 
|  30|0x0000000081e00000, 0x0000000081f00000, 0x0000000081f00000|100%| O|  |TAMS 0x0000000081f00000, 0x0000000081f00000| Untracked 
|  31|0x0000000081f00000, 0x0000000082000000, 0x0000000082000000|100%| O|  |TAMS 0x0000000081f00000, 0x0000000082000000| Untracked 
|  32|0x0000000082000000, 0x000000008207c000, 0x0000000082100000| 48%| O|  |TAMS 0x0000000082000000, 0x000000008207c000| Untracked 
|  33|0x0000000082100000, 0x0000000082200000, 0x0000000082200000|100%| O|  |TAMS 0x0000000082200000, 0x0000000082200000| Untracked 
|  34|0x0000000082200000, 0x0000000082200000, 0x0000000082300000|  0%| F|  |TAMS 0x0000000082200000, 0x0000000082200000| Untracked 
|  35|0x0000000082300000, 0x0000000082300000, 0x0000000082400000|  0%| F|  |TAMS 0x0000000082300000, 0x0000000082300000| Untracked 
|  36|0x0000000082400000, 0x0000000082500000, 0x0000000082500000|100%| O|  |TAMS 0x0000000082447200, 0x0000000082500000| Untracked 
|  37|0x0000000082500000, 0x0000000082500000, 0x0000000082600000|  0%| F|  |TAMS 0x0000000082500000, 0x0000000082500000| Untracked 
|  38|0x0000000082600000, 0x0000000082600000, 0x0000000082700000|  0%| F|  |TAMS 0x0000000082600000, 0x0000000082600000| Untracked 
|  39|0x0000000082700000, 0x0000000082700000, 0x0000000082800000|  0%| F|  |TAMS 0x0000000082700000, 0x0000000082700000| Untracked 
|  40|0x0000000082800000, 0x0000000082800000, 0x0000000082900000|  0%| F|  |TAMS 0x0000000082800000, 0x0000000082800000| Untracked 
|  41|0x0000000082900000, 0x0000000082974c88, 0x0000000082a00000| 45%| S|CS|TAMS 0x0000000082900000, 0x0000000082900000| Complete 
|  42|0x0000000082a00000, 0x0000000082a00000, 0x0000000082b00000|  0%| F|  |TAMS 0x0000000082a00000, 0x0000000082a00000| Untracked 
|  43|0x0000000082b00000, 0x0000000082b00000, 0x0000000082c00000|  0%| F|  |TAMS 0x0000000082b00000, 0x0000000082b00000| Untracked 
|  44|0x0000000082c00000, 0x0000000082d00000, 0x0000000082d00000|100%| S|CS|TAMS 0x0000000082c00000, 0x0000000082c00000| Complete 
|  45|0x0000000082d00000, 0x0000000082d00000, 0x0000000082e00000|  0%| F|  |TAMS 0x0000000082d00000, 0x0000000082d00000| Untracked 
|  46|0x0000000082e00000, 0x0000000082f00000, 0x0000000082f00000|100%| S|CS|TAMS 0x0000000082e00000, 0x0000000082e00000| Complete 
|  47|0x0000000082f00000, 0x0000000082f00000, 0x0000000083000000|  0%| F|  |TAMS 0x0000000082f00000, 0x0000000082f00000| Untracked 
|  48|0x0000000083000000, 0x0000000083000000, 0x0000000083100000|  0%| F|  |TAMS 0x0000000083000000, 0x0000000083000000| Untracked 
|  49|0x0000000083100000, 0x0000000083100000, 0x0000000083200000|  0%| F|  |TAMS 0x0000000083100000, 0x0000000083100000| Untracked 
|  50|0x0000000083200000, 0x0000000083200000, 0x0000000083300000|  0%| F|  |TAMS 0x0000000083200000, 0x0000000083200000| Untracked 
|  51|0x0000000083300000, 0x0000000083300000, 0x0000000083400000|  0%| F|  |TAMS 0x0000000083300000, 0x0000000083300000| Untracked 
|  52|0x0000000083400000, 0x0000000083400000, 0x0000000083500000|  0%| F|  |TAMS 0x0000000083400000, 0x0000000083400000| Untracked 
|  53|0x0000000083500000, 0x0000000083500000, 0x0000000083600000|  0%| F|  |TAMS 0x0000000083500000, 0x0000000083500000| Untracked 
|  54|0x0000000083600000, 0x0000000083600000, 0x0000000083700000|  0%| F|  |TAMS 0x0000000083600000, 0x0000000083600000| Untracked 
|  55|0x0000000083700000, 0x0000000083700000, 0x0000000083800000|  0%| F|  |TAMS 0x0000000083700000, 0x0000000083700000| Untracked 
|  56|0x0000000083800000, 0x0000000083800000, 0x0000000083900000|  0%| F|  |TAMS 0x0000000083800000, 0x0000000083800000| Untracked 
|  57|0x0000000083900000, 0x0000000083900000, 0x0000000083a00000|  0%| F|  |TAMS 0x0000000083900000, 0x0000000083900000| Untracked 
|  58|0x0000000083a00000, 0x0000000083a00000, 0x0000000083b00000|  0%| F|  |TAMS 0x0000000083a00000, 0x0000000083a00000| Untracked 
|  59|0x0000000083b00000, 0x0000000083b00000, 0x0000000083c00000|  0%| F|  |TAMS 0x0000000083b00000, 0x0000000083b00000| Untracked 
|  60|0x0000000083c00000, 0x0000000083c00000, 0x0000000083d00000|  0%| F|  |TAMS 0x0000000083c00000, 0x0000000083c00000| Untracked 
|  61|0x0000000083d00000, 0x0000000083d00000, 0x0000000083e00000|  0%| F|  |TAMS 0x0000000083d00000, 0x0000000083d00000| Untracked 
|  62|0x0000000083e00000, 0x0000000083e00000, 0x0000000083f00000|  0%| F|  |TAMS 0x0000000083e00000, 0x0000000083e00000| Untracked 

Card table byte_map: [0x000001d95e630000,0x000001d95ea30000] _byte_map_base: 0x000001d95e230000

Marking Bits (Prev, Next): (CMBitMap*) 0x000001d94b15c3e8, (CMBitMap*) 0x000001d94b15c420
 Prev Bits: [0x000001d95ee30000, 0x000001d960e30000)
 Next Bits: [0x000001d960e30000, 0x000001d962e30000)

Polling page: 0x000001d9498d0000

Metaspace:

Usage:
  Non-class:     32.57 MB capacity,    31.96 MB ( 98%) used,   536.89 KB (  2%) free+waste,    89.75 KB ( <1%) overhead. 
      Class:      5.08 MB capacity,     4.75 MB ( 94%) used,   294.27 KB (  6%) free+waste,    43.94 KB ( <1%) overhead. 
       Both:     37.66 MB capacity,    36.71 MB ( 97%) used,   831.16 KB (  2%) free+waste,   133.69 KB ( <1%) overhead. 

Virtual space:
  Non-class space:       34.00 MB reserved,      32.75 MB ( 96%) committed 
      Class space:        1.00 GB reserved,       5.13 MB ( <1%) committed 
             Both:        1.03 GB reserved,      37.88 MB (  4%) committed 

Chunk freelists:
   Non-Class:  55.00 KB
       Class:  9.00 KB
        Both:  64.00 KB

MaxMetaspaceSize: 17179869184.00 GB
CompressedClassSpaceSize: 1.00 GB

CodeHeap 'non-profiled nmethods': size=120064Kb used=1299Kb max_used=1299Kb free=118764Kb
 bounds [0x000001d9566d0000, 0x000001d956940000, 0x000001d95dc10000]
CodeHeap 'profiled nmethods': size=120000Kb used=6499Kb max_used=6499Kb free=113500Kb
 bounds [0x000001d94f1a0000, 0x000001d94f800000, 0x000001d9566d0000]
CodeHeap 'non-nmethods': size=5696Kb used=1515Kb max_used=1515Kb free=4180Kb
 bounds [0x000001d94ec10000, 0x000001d94ee80000, 0x000001d94f1a0000]
 total_blobs=3832 nmethods=3204 adapters=538
 compilation: enabled
              stopped_count=0, restarted_count=0
 full_count=0

Compilation events (20 events):
Event: 7.752 Thread 0x000001d965c45800 nmethod 3235 0x000001d94f7f3b90 code [0x000001d94f7f3d40, 0x000001d94f7f3e78]
Event: 7.752 Thread 0x000001d965c45800 3236       2       jdk.internal.jimage.ImageLocation::buildName (128 bytes)
Event: 7.753 Thread 0x000001d965c45800 nmethod 3236 0x000001d94f7f3f90 code [0x000001d94f7f4220, 0x000001d94f7f47b8]
Event: 7.754 Thread 0x000001d965c45800 3237       2       jdk.internal.jimage.ImageLocation::<init> (27 bytes)
Event: 7.754 Thread 0x000001d965c45800 nmethod 3237 0x000001d94f7f4b90 code [0x000001d94f7f4d60, 0x000001d94f7f50d8]
Event: 7.754 Thread 0x000001d965c45800 3238       2       jdk.internal.jimage.ImageReader$SharedImageReader::makeDirectories (54 bytes)
Event: 7.755 Thread 0x000001d965c45800 nmethod 3238 0x000001d94f7f5210 code [0x000001d94f7f54c0, 0x000001d94f7f5d88]
Event: 7.755 Thread 0x000001d965c45800 3239   !   2       jdk.internal.jimage.ImageReader$SharedImageReader::imageFileAttributes (45 bytes)
Event: 7.755 Thread 0x000001d965c45800 nmethod 3239 0x000001d94f7f6210 code [0x000001d94f7f6400, 0x000001d94f7f6778]
Event: 7.755 Thread 0x000001d965c45800 3240       2       jdk.internal.jimage.ImageReader$Node::<init> (27 bytes)
Event: 7.755 Thread 0x000001d965c45800 nmethod 3240 0x000001d94f7f6990 code [0x000001d94f7f6b60, 0x000001d94f7f6ed8]
Event: 7.755 Thread 0x000001d965c45800 3241       2       jdk.internal.jimage.ImageReader$Directory::addChild (12 bytes)
Event: 7.755 Thread 0x000001d965c45800 nmethod 3241 0x000001d94f7f7010 code [0x000001d94f7f71c0, 0x000001d94f7f72e8]
Event: 7.756 Thread 0x000001d965c45800 3242       2       jdk.internal.jimage.BasicImageReader::getLocation (6 bytes)
Event: 7.756 Thread 0x000001d965c45800 nmethod 3242 0x000001d94f7f7390 code [0x000001d94f7f7580, 0x000001d94f7f7948]
Event: 7.756 Thread 0x000001d965c45800 3243       2       jdk.internal.jimage.ImageLocation::readFrom (26 bytes)
Event: 7.756 Thread 0x000001d965c45800 nmethod 3243 0x000001d94f7f7b10 code [0x000001d94f7f7d00, 0x000001d94f7f8158]
Event: 7.756 Thread 0x000001d965c45800 3245       2       jdk.internal.jrtfs.JrtPath::normalize (97 bytes)
Event: 7.757 Thread 0x000001d965c45800 nmethod 3245 0x000001d94f7f8390 code [0x000001d94f7f85a0, 0x000001d94f7f89c8]
Event: 7.757 Thread 0x000001d965c45800 3244   !   2       java.nio.file.FileTreeWalker::visit (204 bytes)

GC Heap History (20 events):
Event: 2.213 GC heap after
{Heap after GC invocations=3 (full 0):
 garbage-first heap   total 53248K, used 9547K [0x0000000080000000, 0x0000000100000000)
  region size 1024K, 2 young (2048K), 2 survivors (2048K)
 Metaspace       used 10717K, capacity 11003K, committed 11264K, reserved 1058816K
  class space    used 1123K, capacity 1206K, committed 1280K, reserved 1048576K
}
Event: 2.564 GC heap before
{Heap before GC invocations=3 (full 0):
 garbage-first heap   total 53248K, used 33099K [0x0000000080000000, 0x0000000100000000)
  region size 1024K, 25 young (25600K), 2 survivors (2048K)
 Metaspace       used 10854K, capacity 11067K, committed 11264K, reserved 1058816K
  class space    used 1130K, capacity 1206K, committed 1280K, reserved 1048576K
}
Event: 2.571 GC heap after
{Heap after GC invocations=4 (full 0):
 garbage-first heap   total 53248K, used 13553K [0x0000000080000000, 0x0000000100000000)
  region size 1024K, 4 young (4096K), 4 survivors (4096K)
 Metaspace       used 10854K, capacity 11067K, committed 11264K, reserved 1058816K
  class space    used 1130K, capacity 1206K, committed 1280K, reserved 1048576K
}
Event: 3.698 GC heap before
{Heap before GC invocations=4 (full 0):
 garbage-first heap   total 53248K, used 34033K [0x0000000080000000, 0x0000000100000000)
  region size 1024K, 24 young (24576K), 4 survivors (4096K)
 Metaspace       used 15824K, capacity 16184K, committed 16384K, reserved 1062912K
  class space    used 1807K, capacity 1933K, committed 2048K, reserved 1048576K
}
Event: 3.709 GC heap after
{Heap after GC invocations=5 (full 0):
 garbage-first heap   total 53248K, used 15896K [0x0000000080000000, 0x0000000100000000)
  region size 1024K, 2 young (2048K), 2 survivors (2048K)
 Metaspace       used 15824K, capacity 16184K, committed 16384K, reserved 1062912K
  class space    used 1807K, capacity 1933K, committed 2048K, reserved 1048576K
}
Event: 4.134 GC heap before
{Heap before GC invocations=5 (full 0):
 garbage-first heap   total 53248K, used 35352K [0x0000000080000000, 0x0000000100000000)
  region size 1024K, 21 young (21504K), 2 survivors (2048K)
 Metaspace       used 18974K, capacity 19357K, committed 19584K, reserved 1067008K
  class space    used 2285K, capacity 2416K, committed 2432K, reserved 1048576K
}
Event: 4.140 GC heap after
{Heap after GC invocations=6 (full 0):
 garbage-first heap   total 53248K, used 16886K [0x0000000080000000, 0x0000000100000000)
  region size 1024K, 2 young (2048K), 2 survivors (2048K)
 Metaspace       used 18974K, capacity 19357K, committed 19584K, reserved 1067008K
  class space    used 2285K, capacity 2416K, committed 2432K, reserved 1048576K
}
Event: 4.333 GC heap before
{Heap before GC invocations=6 (full 0):
 garbage-first heap   total 53248K, used 30198K [0x0000000080000000, 0x0000000100000000)
  region size 1024K, 16 young (16384K), 2 survivors (2048K)
 Metaspace       used 20582K, capacity 21122K, committed 21248K, reserved 1067008K
  class space    used 2520K, capacity 2733K, committed 2816K, reserved 1048576K
}
Event: 4.337 GC heap after
{Heap after GC invocations=7 (full 0):
 garbage-first heap   total 64512K, used 17215K [0x0000000080000000, 0x0000000100000000)
  region size 1024K, 2 young (2048K), 2 survivors (2048K)
 Metaspace       used 20582K, capacity 21122K, committed 21248K, reserved 1067008K
  class space    used 2520K, capacity 2733K, committed 2816K, reserved 1048576K
}
Event: 5.148 GC heap before
{Heap before GC invocations=8 (full 0):
 garbage-first heap   total 64512K, used 41791K [0x0000000080000000, 0x0000000100000000)
  region size 1024K, 26 young (26624K), 2 survivors (2048K)
 Metaspace       used 23101K, capacity 23651K, committed 23936K, reserved 1071104K
  class space    used 2943K, capacity 3153K, committed 3200K, reserved 1048576K
}
Event: 5.153 GC heap after
{Heap after GC invocations=9 (full 0):
 garbage-first heap   total 64512K, used 18019K [0x0000000080000000, 0x0000000100000000)
  region size 1024K, 3 young (3072K), 3 survivors (3072K)
 Metaspace       used 23101K, capacity 23651K, committed 23936K, reserved 1071104K
  class space    used 2943K, capacity 3153K, committed 3200K, reserved 1048576K
}
Event: 5.653 GC heap before
{Heap before GC invocations=9 (full 0):
 garbage-first heap   total 64512K, used 42595K [0x0000000080000000, 0x0000000100000000)
  region size 1024K, 27 young (27648K), 3 survivors (3072K)
 Metaspace       used 26008K, capacity 26636K, committed 26752K, reserved 1073152K
  class space    used 3406K, capacity 3640K, committed 3712K, reserved 1048576K
}
Event: 5.660 GC heap after
{Heap after GC invocations=10 (full 0):
 garbage-first heap   total 64512K, used 19419K [0x0000000080000000, 0x0000000100000000)
  region size 1024K, 3 young (3072K), 3 survivors (3072K)
 Metaspace       used 26008K, capacity 26636K, committed 26752K, reserved 1073152K
  class space    used 3406K, capacity 3640K, committed 3712K, reserved 1048576K
}
Event: 6.212 GC heap before
{Heap before GC invocations=10 (full 0):
 garbage-first heap   total 64512K, used 54235K [0x0000000080000000, 0x0000000100000000)
  region size 1024K, 28 young (28672K), 3 survivors (3072K)
 Metaspace       used 27721K, capacity 28611K, committed 28928K, reserved 1075200K
  class space    used 3682K, capacity 4000K, committed 4096K, reserved 1048576K
}
Event: 6.224 GC heap after
{Heap after GC invocations=11 (full 0):
 garbage-first heap   total 64512K, used 32802K [0x0000000080000000, 0x0000000100000000)
  region size 1024K, 4 young (4096K), 4 survivors (4096K)
 Metaspace       used 27721K, capacity 28611K, committed 28928K, reserved 1075200K
  class space    used 3682K, capacity 4000K, committed 4096K, reserved 1048576K
}
Event: 6.587 GC heap before
{Heap before GC invocations=11 (full 0):
 garbage-first heap   total 64512K, used 51234K [0x0000000080000000, 0x0000000100000000)
  region size 1024K, 22 young (22528K), 4 survivors (4096K)
 Metaspace       used 29825K, capacity 30692K, committed 30976K, reserved 1075200K
  class space    used 4011K, capacity 4309K, committed 4352K, reserved 1048576K
}
Event: 6.594 GC heap after
{Heap after GC invocations=12 (full 0):
 garbage-first heap   total 64512K, used 33846K [0x0000000080000000, 0x0000000100000000)
  region size 1024K, 1 young (1024K), 1 survivors (1024K)
 Metaspace       used 29825K, capacity 30692K, committed 30976K, reserved 1075200K
  class space    used 4011K, capacity 4309K, committed 4352K, reserved 1048576K
}
Event: 7.229 GC heap before
{Heap before GC invocations=13 (full 0):
 garbage-first heap   total 64512K, used 50230K [0x0000000080000000, 0x0000000100000000)
  region size 1024K, 18 young (18432K), 1 survivors (1024K)
 Metaspace       used 33369K, capacity 34192K, committed 34432K, reserved 1079296K
  class space    used 4423K, capacity 4730K, committed 4736K, reserved 1048576K
}
Event: 7.235 GC heap after
{Heap after GC invocations=14 (full 0):
 garbage-first heap   total 64512K, used 35352K [0x0000000080000000, 0x0000000100000000)
  region size 1024K, 3 young (3072K), 3 survivors (3072K)
 Metaspace       used 33369K, capacity 34192K, committed 34432K, reserved 1079296K
  class space    used 4423K, capacity 4730K, committed 4736K, reserved 1048576K
}
Event: 7.757 GC heap before
{Heap before GC invocations=14 (full 0):
 garbage-first heap   total 64512K, used 50712K [0x0000000080000000, 0x0000000100000000)
  region size 1024K, 19 young (19456K), 3 survivors (3072K)
 Metaspace       used 37595K, capacity 38560K, committed 38784K, reserved 1083392K
  class space    used 4868K, capacity 5207K, committed 5248K, reserved 1048576K
}

Deoptimization events (20 events):
Event: 7.282 Thread 0x000001d967d6f000 DEOPT PACKING pc=0x000001d94f261d1b sp=0x000000becdbf88b0
Event: 7.283 Thread 0x000001d967d6f000 DEOPT UNPACKING pc=0x000001d94ec376ce sp=0x000000becdbf7df0 mode 0
Event: 7.283 Thread 0x000001d967d6f000 Uncommon trap: trap_request=0xffffff4d fr.pc=0x000001d9566f3580 relative=0x0000000000000060
Event: 7.283 Thread 0x000001d967d6f000 Uncommon trap: reason=unstable_if action=reinterpret pc=0x000001d9566f3580 method=java.io.WinNTFileSystem.isSlash(C)Z @ 9 c2
Event: 7.283 Thread 0x000001d967d6f000 DEOPT PACKING pc=0x000001d9566f3580 sp=0x000000becdbf88f0
Event: 7.283 Thread 0x000001d967d6f000 DEOPT UNPACKING pc=0x000001d94ec378af sp=0x000000becdbf8878 mode 2
Event: 7.314 Thread 0x000001d967d6f000 DEOPT PACKING pc=0x000001d94f25e3cc sp=0x000000becdbf81f0
Event: 7.314 Thread 0x000001d967d6f000 DEOPT UNPACKING pc=0x000001d94ec376ce sp=0x000000becdbf7790 mode 0
Event: 7.477 Thread 0x000001d967d6f000 DEOPT PACKING pc=0x000001d94f5904f9 sp=0x000000becdbf57d0
Event: 7.478 Thread 0x000001d967d6f000 DEOPT UNPACKING pc=0x000001d94ec376ce sp=0x000000becdbf4d18 mode 0
Event: 7.487 Thread 0x000001d967d6f000 DEOPT PACKING pc=0x000001d94f5904f9 sp=0x000000becdbf5a20
Event: 7.487 Thread 0x000001d967d6f000 DEOPT UNPACKING pc=0x000001d94ec376ce sp=0x000000becdbf4f68 mode 0
Event: 7.491 Thread 0x000001d967d6f000 Uncommon trap: trap_request=0xffffff5c fr.pc=0x000001d95675de84 relative=0x0000000000000e44
Event: 7.491 Thread 0x000001d967d6f000 Uncommon trap: reason=speculate_null_assert action=make_not_entrant pc=0x000001d95675de84 method=jdk.internal.loader.URLClassPath$JarLoader.getResource(Ljava/lang/String;ZLjava/util/Set;)Ljdk/internal/loader/Resource; @ 17 c2
Event: 7.491 Thread 0x000001d967d6f000 DEOPT PACKING pc=0x000001d95675de84 sp=0x000000becdbf4a00
Event: 7.491 Thread 0x000001d967d6f000 DEOPT UNPACKING pc=0x000001d94ec378af sp=0x000000becdbf49a8 mode 2
Event: 7.607 Thread 0x000001d967d6f000 Uncommon trap: trap_request=0xffffffc6 fr.pc=0x000001d9567d6254 relative=0x0000000000005014
Event: 7.607 Thread 0x000001d967d6f000 Uncommon trap: reason=bimorphic_or_optimized_type_check action=maybe_recompile pc=0x000001d9567d6254 method=java.net.URL.<init>(Ljava/net/URL;Ljava/lang/String;Ljava/net/URLStreamHandler;)V @ 504 c2
Event: 7.607 Thread 0x000001d967d6f000 DEOPT PACKING pc=0x000001d9567d6254 sp=0x000000becdbf6b70
Event: 7.607 Thread 0x000001d967d6f000 DEOPT UNPACKING pc=0x000001d94ec378af sp=0x000000becdbf6b10 mode 2

Classes redefined (0 events):
No events

Internal exceptions (20 events):
Event: 6.296 Thread 0x000001d967d6f000 Implicit null exception at 0x000001d956799aaf to 0x000001d956799b1d
Event: 6.815 Thread 0x000001d967d6f000 Exception <a 'java/lang/NoSuchMethodError'{0x00000000838ff5a0}: 'int java.lang.invoke.DirectMethodHandle$Holder.invokeStatic(java.lang.Object, java.lang.Object, java.lang.Object, java.lang.Object, java.lang.Object)'> (0x00000000838ff5a0) thrown at [./src/hotspot/share/interpreter/linkResolver.cpp, line 773]
Event: 6.844 Thread 0x000001d96777c800 Exception <a 'sun/nio/fs/WindowsException'{0x0000000083779628}> (0x0000000083779628) thrown at [./src/hotspot/share/prims/jni.cpp, line 615]
Event: 6.952 Thread 0x000001d96777c800 Exception <a 'sun/nio/fs/WindowsException'{0x0000000083549a48}> (0x0000000083549a48) thrown at [./src/hotspot/share/prims/jni.cpp, line 615]
Event: 6.953 Thread 0x000001d96777c800 Exception <a 'sun/nio/fs/WindowsException'{0x0000000083549c58}> (0x0000000083549c58) thrown at [./src/hotspot/share/prims/jni.cpp, line 615]
Event: 6.992 Thread 0x000001d967d6f000 Exception <a 'java/lang/NoSuchMethodError'{0x0000000083462140}: 'void java.lang.invoke.DirectMethodHandle$Holder.invokeStaticInit(java.lang.Object, java.lang.Object, java.lang.Object, java.lang.Object)'> (0x0000000083462140) thrown at [./src/hotspot/share/interpreter/linkResolver.cpp, line 773]
Event: 7.085 Thread 0x000001d967d6f000 Exception <a 'java/lang/NoSuchMethodError'{0x0000000083077250}: 'void java.lang.invoke.DirectMethodHandle$Holder.invokeStaticInit(java.lang.Object, java.lang.Object, java.lang.Object)'> (0x0000000083077250) thrown at [./src/hotspot/share/interpreter/linkResolver.cpp, line 773]
Event: 7.091 Thread 0x000001d967d6f000 Exception <a 'java/lang/NoSuchMethodError'{0x000000008309ca60}: 'void java.lang.invoke.DirectMethodHandle$Holder.invokeStaticInit(java.lang.Object, java.lang.Object, java.lang.Object, java.lang.Object, java.lang.Object)'> (0x000000008309ca60) thrown at [./src/hotspot/share/interpreter/linkResolver.cpp, line 773]
Event: 7.160 Thread 0x000001d967d6f000 Exception <a 'java/lang/NoSuchMethodError'{0x0000000082f176f0}: 'int java.lang.invoke.DirectMethodHandle$Holder.invokeStaticInit(java.lang.Object, java.lang.Object, java.lang.Object, java.lang.Object)'> (0x0000000082f176f0) thrown at [./src/hotspot/share/interpreter/linkResolver.cpp, line 773]
Event: 7.161 Thread 0x000001d967d6f000 Exception <a 'java/lang/IncompatibleClassChangeError'{0x0000000082f20ef8}: Found class java.lang.Object, but interface was expected> (0x0000000082f20ef8) thrown at [./src/hotspot/share/interpreter/linkResolver.cpp, line 839]
Event: 7.482 Thread 0x000001d967d6f000 Exception <a 'java/lang/NoSuchMethodError'{0x000000008387b850}: 'java.lang.Object java.lang.invoke.DirectMethodHandle$Holder.invokeStatic(java.lang.Object, java.lang.Object, java.lang.Object, java.lang.Object, java.lang.Object, java.lang.Object, java.lang.Object, java.lang.Object, java.lang.Object, java.lang.Object, java.lang.Object, int)'> (0x000000008387b850) thrown at [./src/hotspot/share/interpreter/linkResolver.cpp, line 773]
Event: 7.485 Thread 0x000001d967d6f000 Exception <a 'java/lang/NoSuchMethodError'{0x000000008389a500}: 'java.lang.Object java.lang.invoke.DirectMethodHandle$Holder.invokeStatic(java.lang.Object, java.lang.Object, java.lang.Object, java.lang.Object, java.lang.Object, java.lang.Object, java.lang.Object, java.lang.Object, java.lang.Object, java.lang.Object, java.lang.Object, int, int)'> (0x000000008389a500) thrown at [./src/hotspot/share/interpreter/linkResolver.cpp, line 773]
Event: 7.487 Thread 0x000001d967d6f000 Exception <a 'java/lang/NoSuchMethodError'{0x00000000838b9d30}: 'java.lang.Object java.lang.invoke.DirectMethodHandle$Holder.invokeStatic(java.lang.Object, java.lang.Object, java.lang.Object, java.lang.Object, java.lang.Object, java.lang.Object, java.lang.Object, java.lang.Object, java.lang.Object, java.lang.Object, java.lang.Object, int, int, java.lang.Object)'> (0x00000000838b9d30) thrown at [./src/hotspot/share/interpreter/linkResolver.cpp, line 773]
Event: 7.489 Thread 0x000001d967d6f000 Exception <a 'java/lang/NoSuchMethodError'{0x00000000838dae28}: 'java.lang.Object java.lang.invoke.DirectMethodHandle$Holder.invokeStatic(java.lang.Object, java.lang.Object, java.lang.Object, java.lang.Object, java.lang.Object, java.lang.Object, java.lang.Object, java.lang.Object, java.lang.Object, java.lang.Object, java.lang.Object, int, int, java.lang.Object, java.lang.Object)'> (0x00000000838dae28) thrown at [./src/hotspot/share/interpreter/linkResolver.cpp, line 773]
Event: 7.493 Thread 0x000001d967d6f000 Exception <a 'java/lang/ClassNotFoundException'{0x000000008370b1e8}: groovy/lang/ExpandoMetaClassBeanInfo> (0x000000008370b1e8) thrown at [./src/hotspot/share/classfile/systemDictionary.cpp, line 231]
Event: 7.494 Thread 0x000001d967d6f000 Exception <a 'java/lang/ClassNotFoundException'{0x000000008372b440}: groovy/lang/MetaClassImplBeanInfo> (0x000000008372b440) thrown at [./src/hotspot/share/classfile/systemDictionary.cpp, line 231]
Event: 7.494 Thread 0x000001d967d6f000 Exception <a 'java/lang/ClassNotFoundException'{0x0000000083734688}: java/lang/ObjectBeanInfo> (0x0000000083734688) thrown at [./src/hotspot/share/classfile/systemDictionary.cpp, line 231]
Event: 7.495 Thread 0x000001d967d6f000 Exception <a 'java/lang/ClassNotFoundException'{0x000000008373fd08}: java/lang/ObjectCustomizer> (0x000000008373fd08) thrown at [./src/hotspot/share/classfile/systemDictionary.cpp, line 231]
Event: 7.502 Thread 0x000001d967d6f000 Exception <a 'java/lang/ClassNotFoundException'{0x0000000083766ec0}: groovy/lang/MetaClassImplCustomizer> (0x0000000083766ec0) thrown at [./src/hotspot/share/classfile/systemDictionary.cpp, line 231]
Event: 7.506 Thread 0x000001d967d6f000 Exception <a 'java/lang/ClassNotFoundException'{0x00000000837a6d28}: groovy/lang/ExpandoMetaClassCustomizer> (0x00000000837a6d28) thrown at [./src/hotspot/share/classfile/systemDictionary.cpp, line 231]

Events (20 events):
Event: 7.732 loading class jdk/internal/jimage/ImageReader$Directory done
Event: 7.732 loading class jdk/internal/jrtfs/SystemImage$1
Event: 7.732 loading class jdk/internal/jrtfs/SystemImage$1 done
Event: 7.732 loading class jdk/internal/jrtfs/JrtFileAttributeView
Event: 7.733 loading class jdk/internal/jrtfs/JrtFileAttributeView done
Event: 7.733 loading class jdk/internal/jimage/ImageReader$SharedImageReader$LocationVisitor
Event: 7.733 loading class jdk/internal/jimage/ImageReader$SharedImageReader$LocationVisitor done
Event: 7.734 loading class java/nio/ByteBufferAsIntBufferL
Event: 7.735 loading class java/nio/ByteBufferAsIntBufferL done
Event: 7.735 loading class jdk/internal/jrtfs/JrtFileAttributes
Event: 7.736 loading class jdk/internal/jrtfs/JrtFileAttributes done
Event: 7.736 loading class jdk/internal/jrtfs/JrtDirectoryStream
Event: 7.736 loading class jdk/internal/jrtfs/JrtDirectoryStream done
Event: 7.737 loading class jdk/internal/jrtfs/JrtDirectoryStream$1
Event: 7.737 loading class jdk/internal/jrtfs/JrtDirectoryStream$1 done
Event: 7.737 loading class java/util/function/BooleanSupplier
Event: 7.737 loading class java/util/function/BooleanSupplier done
Event: 7.738 loading class jdk/internal/jimage/ImageReader$Resource
Event: 7.738 loading class jdk/internal/jimage/ImageReader$Resource done
Event: 7.757 Executing VM operation: G1CollectForAllocation


Dynamic libraries:
0x00007ff654af0000 - 0x00007ff654afa000 	C:\Program Files\Android\Android Studio\jre\bin\java.exe
0x00007ffa6fa90000 - 0x00007ffa6fc85000 	C:\Windows\SYSTEM32\ntdll.dll
0x00007ffa6f1d0000 - 0x00007ffa6f28e000 	C:\Windows\System32\KERNEL32.DLL
0x00007ffa6d540000 - 0x00007ffa6d808000 	C:\Windows\System32\KERNELBASE.dll
0x00007ffa6d1a0000 - 0x00007ffa6d2a0000 	C:\Windows\System32\ucrtbase.dll
0x00007ffa588d0000 - 0x00007ffa588e9000 	C:\Program Files\Android\Android Studio\jre\bin\jli.dll
0x00007ffa56d80000 - 0x00007ffa56d97000 	C:\Program Files\Android\Android Studio\jre\bin\VCRUNTIME140.dll
0x00007ffa6f680000 - 0x00007ffa6f821000 	C:\Windows\System32\USER32.dll
0x00007ffa6d510000 - 0x00007ffa6d532000 	C:\Windows\System32\win32u.dll
0x00007ffa6f040000 - 0x00007ffa6f06b000 	C:\Windows\System32\GDI32.dll
0x00007ffa5c740000 - 0x00007ffa5c9da000 	C:\Windows\WinSxS\amd64_microsoft.windows.common-controls_6595b64144ccf1df_6.0.19041.1110_none_60b5254171f9507e\COMCTL32.dll
0x00007ffa6d9c0000 - 0x00007ffa6dacd000 	C:\Windows\System32\gdi32full.dll
0x00007ffa6d2a0000 - 0x00007ffa6d33d000 	C:\Windows\System32\msvcp_win.dll
0x00007ffa6dfa0000 - 0x00007ffa6e03e000 	C:\Windows\System32\msvcrt.dll
0x00007ffa6e8f0000 - 0x00007ffa6e920000 	C:\Windows\System32\IMM32.DLL
0x00007ffa51b50000 - 0x00007ffa51bed000 	C:\Program Files\Android\Android Studio\jre\bin\msvcp140.dll
0x00007ffa3e970000 - 0x00007ffa3f43f000 	C:\Program Files\Android\Android Studio\jre\bin\server\jvm.dll
0x00007ffa6f070000 - 0x00007ffa6f11e000 	C:\Windows\System32\ADVAPI32.dll
0x00007ffa6efa0000 - 0x00007ffa6f03c000 	C:\Windows\System32\sechost.dll
0x00007ffa6dc00000 - 0x00007ffa6dd25000 	C:\Windows\System32\RPCRT4.dll
0x00007ffa6f9e0000 - 0x00007ffa6f9e8000 	C:\Windows\System32\PSAPI.DLL
0x00007ffa679f0000 - 0x00007ffa679f9000 	C:\Windows\SYSTEM32\WSOCK32.dll
0x00007ffa6eaa0000 - 0x00007ffa6eb0b000 	C:\Windows\System32\WS2_32.dll
0x00007ffa5d050000 - 0x00007ffa5d05a000 	C:\Windows\SYSTEM32\VERSION.dll
0x00007ffa5b190000 - 0x00007ffa5b1b7000 	C:\Windows\SYSTEM32\WINMM.dll
0x00007ffa6b090000 - 0x00007ffa6b0a2000 	C:\Windows\SYSTEM32\kernel.appcore.dll
0x00007ffa66fc0000 - 0x00007ffa66fd1000 	C:\Program Files\Android\Android Studio\jre\bin\verify.dll
0x00007ffa5b2a0000 - 0x00007ffa5b484000 	C:\Windows\SYSTEM32\DBGHELP.DLL
0x00007ffa5afd0000 - 0x00007ffa5affc000 	C:\Windows\SYSTEM32\dbgcore.DLL
0x00007ffa6d480000 - 0x00007ffa6d502000 	C:\Windows\System32\bcryptPrimitives.dll
0x00007ffa624e0000 - 0x00007ffa62509000 	C:\Program Files\Android\Android Studio\jre\bin\java.dll
0x00007ffa67660000 - 0x00007ffa6766b000 	C:\Program Files\Android\Android Studio\jre\bin\jimage.dll
0x00007ffa65f10000 - 0x00007ffa65f28000 	C:\Program Files\Android\Android Studio\jre\bin\zip.dll
0x00007ffa6e040000 - 0x00007ffa6e784000 	C:\Windows\System32\SHELL32.dll
0x00007ffa6b290000 - 0x00007ffa6ba25000 	C:\Windows\SYSTEM32\windows.storage.dll
0x00007ffa6f320000 - 0x00007ffa6f675000 	C:\Windows\System32\combase.dll
0x00007ffa6cbf0000 - 0x00007ffa6cc1e000 	C:\Windows\SYSTEM32\Wldp.dll
0x00007ffa6e7b0000 - 0x00007ffa6e85d000 	C:\Windows\System32\SHCORE.dll
0x00007ffa6dd30000 - 0x00007ffa6dd85000 	C:\Windows\System32\shlwapi.dll
0x00007ffa6d0e0000 - 0x00007ffa6d0ff000 	C:\Windows\SYSTEM32\profapi.dll
0x00007ffa624c0000 - 0x00007ffa624da000 	C:\Program Files\Android\Android Studio\jre\bin\net.dll
0x00007ffa5e120000 - 0x00007ffa5e22c000 	C:\Windows\SYSTEM32\WINHTTP.dll
0x00007ffa6c8e0000 - 0x00007ffa6c94a000 	C:\Windows\system32\mswsock.dll
0x00007ffa624a0000 - 0x00007ffa624b4000 	C:\Program Files\Android\Android Studio\jre\bin\nio.dll
0x00007ffa53db0000 - 0x00007ffa53dd7000 	C:\Users\devos\.gradle\native\8bec1ad78214c89d9ad589b4d07fe93259594b29d510b10fafb7a158f7737e5d\windows-amd64\native-platform.dll
0x00007ffa4f390000 - 0x00007ffa4f4cd000 	C:\Users\devos\.gradle\native\53dbd7edfb1c66fb8903c78663c9afc45aea4f116125fa6feffd364cf09443e8\windows-amd64\native-platform-file-events.dll
0x00007ffa67330000 - 0x00007ffa6733a000 	C:\Program Files\Android\Android Studio\jre\bin\management.dll
0x00007ffa66070000 - 0x00007ffa6607c000 	C:\Program Files\Android\Android Studio\jre\bin\management_ext.dll
0x00007ffa6cb40000 - 0x00007ffa6cb58000 	C:\Windows\SYSTEM32\CRYPTSP.dll
0x00007ffa6c200000 - 0x00007ffa6c234000 	C:\Windows\system32\rsaenh.dll
0x00007ffa6d450000 - 0x00007ffa6d477000 	C:\Windows\System32\bcrypt.dll
0x00007ffa6d0a0000 - 0x00007ffa6d0ce000 	C:\Windows\SYSTEM32\USERENV.dll
0x00007ffa6cb60000 - 0x00007ffa6cb6c000 	C:\Windows\SYSTEM32\CRYPTBASE.dll
0x00007ffa6c5d0000 - 0x00007ffa6c60b000 	C:\Windows\SYSTEM32\IPHLPAPI.DLL
0x00007ffa6f290000 - 0x00007ffa6f298000 	C:\Windows\System32\NSI.dll
0x00007ffa5f570000 - 0x00007ffa5f587000 	C:\Windows\SYSTEM32\dhcpcsvc6.DLL
0x00007ffa635f0000 - 0x00007ffa6360d000 	C:\Windows\SYSTEM32\dhcpcsvc.DLL
0x00007ffa6c610000 - 0x00007ffa6c6db000 	C:\Windows\SYSTEM32\DNSAPI.dll

dbghelp: loaded successfully - version: 4.0.5 - missing functions: none
symbol engine: initialized successfully - sym options: 0x614 - pdb path: .;C:\Program Files\Android\Android Studio\jre\bin;C:\Windows\SYSTEM32;C:\Windows\WinSxS\amd64_microsoft.windows.common-controls_6595b64144ccf1df_6.0.19041.1110_none_60b5254171f9507e;C:\Program Files\Android\Android Studio\jre\bin\server;C:\Users\devos\.gradle\native\8bec1ad78214c89d9ad589b4d07fe93259594b29d510b10fafb7a158f7737e5d\windows-amd64;C:\Users\devos\.gradle\native\53dbd7edfb1c66fb8903c78663c9afc45aea4f116125fa6feffd364cf09443e8\windows-amd64

VM Arguments:
jvm_args: --add-opens=java.base/java.util=ALL-UNNAMED --add-opens=java.base/java.lang=ALL-UNNAMED --add-opens=java.base/java.lang.invoke=ALL-UNNAMED --add-opens=java.base/java.util=ALL-UNNAMED --add-opens=java.prefs/java.util.prefs=ALL-UNNAMED --add-opens=java.prefs/java.util.prefs=ALL-UNNAMED --add-opens=java.base/java.nio.charset=ALL-UNNAMED --add-opens=java.base/java.net=ALL-UNNAMED --add-opens=java.base/java.util.concurrent.atomic=ALL-UNNAMED -Xmx2048m -Dfile.encoding=UTF-8 -Duser.country=US -Duser.language=en -Duser.variant 
java_command: org.gradle.launcher.daemon.bootstrap.GradleDaemon 7.0.2
java_class_path (initial): C:\Users\devos\.gradle\wrapper\dists\gradle-7.0.2-bin\857tjihv64xamwrf0h14cai3r\gradle-7.0.2\lib\gradle-launcher-7.0.2.jar
Launcher Type: SUN_STANDARD

[Global flags]
     intx CICompilerCount                          = 3                                         {product} {ergonomic}
     uint ConcGCThreads                            = 1                                         {product} {ergonomic}
     uint G1ConcRefinementThreads                  = 4                                         {product} {ergonomic}
   size_t G1HeapRegionSize                         = 1048576                                   {product} {ergonomic}
    uintx GCDrainStackTargetSize                   = 64                                        {product} {ergonomic}
   size_t InitialHeapSize                          = 54525952                                  {product} {ergonomic}
   size_t MarkStackSize                            = 4194304                                   {product} {ergonomic}
   size_t MaxHeapSize                              = 2147483648                                {product} {command line}
   size_t MaxNewSize                               = 1287651328                                {product} {ergonomic}
   size_t MinHeapDeltaBytes                        = 1048576                                   {product} {ergonomic}
    uintx NonNMethodCodeHeapSize                   = 5830732                                {pd product} {ergonomic}
    uintx NonProfiledCodeHeapSize                  = 122913754                              {pd product} {ergonomic}
    uintx ProfiledCodeHeapSize                     = 122913754                              {pd product} {ergonomic}
    uintx ReservedCodeCacheSize                    = 251658240                              {pd product} {ergonomic}
     bool SegmentedCodeCache                       = true                                      {product} {ergonomic}
     bool UseCompressedClassPointers               = true                                 {lp64_product} {ergonomic}
     bool UseCompressedOops                        = true                                 {lp64_product} {ergonomic}
     bool UseG1GC                                  = true                                      {product} {ergonomic}
     bool UseLargePagesIndividualAllocation        = false                                  {pd product} {ergonomic}

Logging:
Log output configuration:
 #0: stdout all=warning uptime,level,tags
 #1: stderr all=off uptime,level,tags

Environment Variables:
PATH=C:\Windows\system32;C:\Windows;C:\Windows\System32\Wbem;C:\Windows\System32\WindowsPowerShell\v1.0\;C:\Program Files\Git\cmd;C:\xampp\php;C:\composer;C:\Users\devos\AppData\Local\Microsoft\WindowsApps;C:\src\flutter;C:\src\flutter\bin;C:\Users\devos\AppData\Local\Programs\Microsoft VS Code\bin;C:\Users\devos\AppData\Roaming\Composer\vendor\bin;
USERNAME=devos
OS=Windows_NT
PROCESSOR_IDENTIFIER=Intel64 Family 6 Model 60 Stepping 3, GenuineIntel



---------------  S Y S T E M  ---------------

OS: Windows 10 , 64 bit Build 19041 (10.0.19041.1466)
OS uptime: 10 days 1:46 hours

CPU:total 4 (initial active 4) (2 cores per cpu, 2 threads per core) family 6 model 60 stepping 3 microcode 0x27, cmov, cx8, fxsr, mmx, sse, sse2, sse3, ssse3, sse4.1, sse4.2, popcnt, avx, avx2, aes, clmul, erms, lzcnt, ht, tsc, tscinvbit, bmi1, bmi2, fma

Memory: 4k page, system-wide physical 3232M (343M free)
TotalPageFile size 12960M (AvailPageFile size 17M)
current process WorkingSet (physical memory assigned to process): 190M, peak: 190M
current process commit charge ("private bytes"): 221M, peak: 234M

vm_info: OpenJDK 64-Bit Server VM (11.0.10+0-b96-7249189) for windows-amd64 JRE (11.0.10+0-b96-7249189), built on Mar 31 2021 21:44:00 by "builder" with MS VC++ 14.0 (VS2015)

END.
