#
# There is insufficient memory for the Java Runtime Environment to continue.
# Native memory allocation (malloc) failed to allocate 1984816 bytes for Chunk::new
# Possible reasons:
#   The system is out of physical RAM or swap space
#   The process is running with CompressedOops enabled, and the Java Heap may be blocking the growth of the native heap
# Possible solutions:
#   Reduce memory load on the system
#   Increase physical memory or swap space
#   Check if swap backing store is full
#   Decrease Java heap size (-Xmx/-Xms)
#   Decrease number of Java threads
#   Decrease Java thread stack sizes (-Xss)
#   Set larger code cache with -XX:ReservedCodeCacheSize=
#   JVM is running with Unscaled Compressed Oops mode in which the Java heap is
#     placed in the first 4GB address space. The Java Heap base address is the
#     maximum limit for the native heap growth. Please use -XX:HeapBaseMinAddress
#     to set the Java Heap base and to place the Java Heap above 4GB virtual address.
# This output file may be truncated or incomplete.
#
#  Out of Memory Error (./src/hotspot/share/memory/arena.cpp:197), pid=4136, tid=872
#
# JRE version: OpenJDK Runtime Environment (11.0.10) (build 11.0.10+0-b96-7249189)
# Java VM: OpenJDK 64-Bit Server VM (11.0.10+0-b96-7249189, mixed mode, tiered, compressed oops, g1 gc, windows-amd64)
# No core dump will be written. Minidumps are not enabled by default on client versions of Windows
#

---------------  S U M M A R Y ------------

Command Line: --add-opens=java.base/java.util=ALL-UNNAMED --add-opens=java.base/java.lang=ALL-UNNAMED --add-opens=java.base/java.lang.invoke=ALL-UNNAMED --add-opens=java.base/java.util=ALL-UNNAMED --add-opens=java.prefs/java.util.prefs=ALL-UNNAMED --add-opens=java.prefs/java.util.prefs=ALL-UNNAMED --add-opens=java.base/java.nio.charset=ALL-UNNAMED --add-opens=java.base/java.net=ALL-UNNAMED --add-opens=java.base/java.util.concurrent.atomic=ALL-UNNAMED -Xmx2048m -Dfile.encoding=UTF-8 -Duser.country=US -Duser.language=en -Duser.variant org.gradle.launcher.daemon.bootstrap.GradleDaemon 7.0.2

Host: Intel(R) Core(TM) i5-4200M CPU @ 2.50GHz, 4 cores, 3G,  Windows 10 , 64 bit Build 19041 (10.0.19041.1466)
Time: Wed Jan 26 18:59:30 2022 Turkey Standard Time elapsed time: 26.380450 seconds (0d 0h 0m 26s)

---------------  T H R E A D  ---------------

Current thread (0x00000206317fc800):  JavaThread "C2 CompilerThread0" daemon [_thread_in_native, id=872, stack(0x00000025aa300000,0x00000025aa400000)]


Current CompileTask:
C2:  26380 7316       4       java.net.URLClassLoader$1::run (5 bytes)

Stack: [0x00000025aa300000,0x00000025aa400000]
Native frames: (J=compiled Java code, j=interpreted, Vv=VM code, C=native code)
V  [jvm.dll+0x5ecfaa]
V  [jvm.dll+0x722bd5]
V  [jvm.dll+0x72412d]
V  [jvm.dll+0x7247e3]
V  [jvm.dll+0x242928]
V  [jvm.dll+0xbc4fc]
V  [jvm.dll+0xbca0c]
V  [jvm.dll+0x352d7d]
V  [jvm.dll+0x320ad3]
V  [jvm.dll+0x31ffca]
V  [jvm.dll+0x1fb602]
V  [jvm.dll+0x1fa7f4]
V  [jvm.dll+0x18354c]
V  [jvm.dll+0x208ee7]
V  [jvm.dll+0x207731]
V  [jvm.dll+0x6eb1cf]
V  [jvm.dll+0x6e3d45]
V  [jvm.dll+0x5ebe96]
C  [ucrtbase.dll+0x21bb2]
C  [KERNEL32.DLL+0x17034]
C  [ntdll.dll+0x52651]


---------------  P R O C E S S  ---------------

Threads class SMR info:
_java_thread_list=0x00000206325a5400, length=42, elements={
0x0000020616c8b000, 0x0000020631791800, 0x0000020631797800, 0x00000206317ef800,
0x00000206317f4000, 0x00000206317f6800, 0x00000206317fc800, 0x0000020631800800,
0x0000020631806000, 0x0000020631a64800, 0x0000020632954000, 0x0000020632abb000,
0x0000020632655800, 0x0000020634e45800, 0x0000020632654800, 0x0000020633049000,
0x0000020632540800, 0x000002063340c800, 0x0000020633da6000, 0x00000206348d2800,
0x00000206348d0800, 0x00000206348d3800, 0x00000206348d4800, 0x00000206348d1000,
0x00000206348d5000, 0x00000206348d2000, 0x00000206348d6000, 0x00000206348d7000,
0x0000020634ec7800, 0x0000020634ec9800, 0x0000020634ec5800, 0x0000020634ec9000,
0x0000020634ecc000, 0x0000020634ecb800, 0x0000020634ec8000, 0x0000020634ece000,
0x0000020634ed0800, 0x0000020634eca800, 0x0000020634ed3800, 0x0000020634ece800,
0x0000020634ed4800, 0x0000020634ed1000
}

Java Threads: ( => current thread )
  0x0000020616c8b000 JavaThread "main" [_thread_blocked, id=9884, stack(0x00000025a9700000,0x00000025a9800000)]
  0x0000020631791800 JavaThread "Reference Handler" daemon [_thread_blocked, id=12692, stack(0x00000025a9e00000,0x00000025a9f00000)]
  0x0000020631797800 JavaThread "Finalizer" daemon [_thread_blocked, id=6208, stack(0x00000025a9f00000,0x00000025aa000000)]
  0x00000206317ef800 JavaThread "Signal Dispatcher" daemon [_thread_blocked, id=460, stack(0x00000025aa000000,0x00000025aa100000)]
  0x00000206317f4000 JavaThread "Attach Listener" daemon [_thread_blocked, id=3564, stack(0x00000025aa100000,0x00000025aa200000)]
  0x00000206317f6800 JavaThread "Service Thread" daemon [_thread_blocked, id=10688, stack(0x00000025aa200000,0x00000025aa300000)]
=>0x00000206317fc800 JavaThread "C2 CompilerThread0" daemon [_thread_in_native, id=872, stack(0x00000025aa300000,0x00000025aa400000)]
  0x0000020631800800 JavaThread "C1 CompilerThread0" daemon [_thread_blocked, id=11032, stack(0x00000025aa400000,0x00000025aa500000)]
  0x0000020631806000 JavaThread "Sweeper thread" daemon [_thread_blocked, id=2788, stack(0x00000025aa500000,0x00000025aa600000)]
  0x0000020631a64800 JavaThread "Common-Cleaner" daemon [_thread_blocked, id=9064, stack(0x00000025aa600000,0x00000025aa700000)]
  0x0000020632954000 JavaThread "Daemon health stats" [_thread_blocked, id=9252, stack(0x00000025aa900000,0x00000025aaa00000)]
  0x0000020632abb000 JavaThread "Incoming local TCP Connector on port 51716" [_thread_in_native, id=9180, stack(0x00000025aaa00000,0x00000025aab00000)]
  0x0000020632655800 JavaThread "Daemon periodic checks" [_thread_blocked, id=9156, stack(0x00000025aab00000,0x00000025aac00000)]
  0x0000020634e45800 JavaThread "Daemon" [_thread_blocked, id=11280, stack(0x00000025aac00000,0x00000025aad00000)]
  0x0000020632654800 JavaThread "Handler for socket connection from /127.0.0.1:51716 to /127.0.0.1:51717" [_thread_in_native, id=8068, stack(0x00000025aad00000,0x00000025aae00000)]
  0x0000020633049000 JavaThread "Cancel handler" [_thread_blocked, id=9712, stack(0x00000025ab000000,0x00000025ab100000)]
  0x0000020632540800 JavaThread "Daemon worker" [_thread_in_vm, id=10876, stack(0x00000025ab100000,0x00000025ab200000)]
  0x000002063340c800 JavaThread "Asynchronous log dispatcher for DefaultDaemonConnection: socket connection from /127.0.0.1:51716 to /127.0.0.1:51717" [_thread_blocked, id=10180, stack(0x00000025ab200000,0x00000025ab300000)]
  0x0000020633da6000 JavaThread "Stdin handler" [_thread_blocked, id=10584, stack(0x00000025ab300000,0x00000025ab400000)]
  0x00000206348d2800 JavaThread "Daemon client event forwarder" [_thread_blocked, id=5208, stack(0x00000025ab400000,0x00000025ab500000)]
  0x00000206348d0800 JavaThread "Cache worker for file hash cache (C:\Users\devos\.gradle\caches\7.0.2\fileHashes)" [_thread_blocked, id=10344, stack(0x00000025ab500000,0x00000025ab600000)]
  0x00000206348d3800 JavaThread "File lock request listener" [_thread_in_native, id=12152, stack(0x00000025ab600000,0x00000025ab700000)]
  0x00000206348d4800 JavaThread "Cache worker for journal cache (C:\Users\devos\.gradle\caches\journal-1)" [_thread_blocked, id=7716, stack(0x00000025ab700000,0x00000025ab800000)]
  0x00000206348d1000 JavaThread "Cache worker for file hash cache (C:\Users\devos\AndroidStudioProjects\PhoneApp\.gradle\7.0.2\fileHashes)" [_thread_blocked, id=4308, stack(0x00000025ab800000,0x00000025ab900000)]
  0x00000206348d5000 JavaThread "File watcher server" daemon [_thread_in_native, id=12488, stack(0x00000025ab900000,0x00000025aba00000)]
  0x00000206348d2000 JavaThread "File watcher consumer" daemon [_thread_blocked, id=12416, stack(0x00000025aba00000,0x00000025abb00000)]
  0x00000206348d6000 JavaThread "jar transforms" [_thread_blocked, id=6820, stack(0x00000025abb00000,0x00000025abc00000)]
  0x00000206348d7000 JavaThread "jar transforms Thread 2" [_thread_blocked, id=12920, stack(0x00000025abc00000,0x00000025abd00000)]
  0x0000020634ec7800 JavaThread "jar transforms Thread 3" [_thread_blocked, id=7840, stack(0x00000025abd00000,0x00000025abe00000)]
  0x0000020634ec9800 JavaThread "jar transforms Thread 4" [_thread_blocked, id=10888, stack(0x00000025abe00000,0x00000025abf00000)]
  0x0000020634ec5800 JavaThread "Cache worker for checksums cache (C:\Users\devos\AndroidStudioProjects\PhoneApp\.gradle\checksums)" [_thread_blocked, id=9616, stack(0x00000025abf00000,0x00000025ac000000)]
  0x0000020634ec9000 JavaThread "Cache worker for cache directory md-supplier (C:\Users\devos\.gradle\caches\7.0.2\md-supplier)" [_thread_blocked, id=5724, stack(0x00000025ac000000,0x00000025ac100000)]
  0x0000020634ecc000 JavaThread "Cache worker for cache directory md-rule (C:\Users\devos\.gradle\caches\7.0.2\md-rule)" [_thread_blocked, id=11244, stack(0x00000025ac100000,0x00000025ac200000)]
  0x0000020634ecb800 JavaThread "Cache worker for execution history cache (C:\Users\devos\.gradle\caches\7.0.2\executionHistory)" [_thread_blocked, id=4240, stack(0x00000025ac200000,0x00000025ac300000)]
  0x0000020634ec8000 JavaThread "Cache worker for file content cache (C:\Users\devos\.gradle\caches\7.0.2\fileContent)" [_thread_blocked, id=2216, stack(0x00000025ac300000,0x00000025ac400000)]
  0x0000020634ece000 JavaThread "Cache worker for dependencies-accessors (C:\Users\devos\AndroidStudioProjects\PhoneApp\.gradle\7.0.2\dependencies-accessors)" [_thread_blocked, id=6604, stack(0x00000025ac400000,0x00000025ac500000)]
  0x0000020634ed0800 JavaThread "Cache worker for Build Output Cleanup Cache (C:\Users\devos\AndroidStudioProjects\PhoneApp\.gradle\buildOutputCleanup)" [_thread_blocked, id=10048, stack(0x00000025ac500000,0x00000025ac600000)]
  0x0000020634eca800 JavaThread "Build operations" [_thread_blocked, id=7460, stack(0x00000025ac600000,0x00000025ac700000)]
  0x0000020634ed3800 JavaThread "Build operations Thread 2" [_thread_blocked, id=10760, stack(0x00000025ac700000,0x00000025ac800000)]
  0x0000020634ece800 JavaThread "Build operations Thread 3" [_thread_blocked, id=4504, stack(0x00000025ac800000,0x00000025ac900000)]
  0x0000020634ed4800 JavaThread "Build operations Thread 4" [_thread_blocked, id=7440, stack(0x00000025ac900000,0x00000025aca00000)]
  0x0000020634ed1000 JavaThread "Memory manager" [_thread_blocked, id=2552, stack(0x00000025aca00000,0x00000025acb00000)]

Other Threads:
  0x000002063178c000 VMThread "VM Thread" [stack: 0x00000025a9d00000,0x00000025a9e00000] [id=7120]
  0x0000020631a85800 WatcherThread [stack: 0x00000025aa700000,0x00000025aa800000] [id=10036]
  0x0000020616ca3000 GCTaskThread "GC Thread#0" [stack: 0x00000025a9800000,0x00000025a9900000] [id=12736]
  0x0000020632528800 GCTaskThread "GC Thread#1" [stack: 0x00000025aa800000,0x00000025aa900000] [id=9808]
  0x000002063433e800 GCTaskThread "GC Thread#2" [stack: 0x00000025aae00000,0x00000025aaf00000] [id=5756]
  0x000002063433f000 GCTaskThread "GC Thread#3" [stack: 0x00000025aaf00000,0x00000025ab000000] [id=12176]
  0x0000020616cd6800 ConcurrentGCThread "G1 Main Marker" [stack: 0x00000025a9900000,0x00000025a9a00000] [id=5904]
  0x0000020616cd7800 ConcurrentGCThread "G1 Conc#0" [stack: 0x00000025a9a00000,0x00000025a9b00000] [id=11588]
  0x0000020616d1c800 ConcurrentGCThread "G1 Refine#0" [stack: 0x00000025a9b00000,0x00000025a9c00000] [id=12492]
  0x0000020616d1d800 ConcurrentGCThread "G1 Young RemSet Sampling" [stack: 0x00000025a9c00000,0x00000025a9d00000] [id=8872]

Threads with active compile tasks:
C2 CompilerThread0  26425 7316       4       java.net.URLClassLoader$1::run (5 bytes)

VM state:not at safepoint (normal execution)

VM Mutex/Monitor currently owned by a thread: None

Heap address: 0x0000000080000000, size: 2048 MB, Compressed Oops mode: 32-bit
Narrow klass base: 0x0000000000000000, Narrow klass shift: 3
Compressed class space size: 1073741824 Address: 0x0000000100000000

Heap:
 garbage-first heap   total 164864K, used 94821K [0x0000000080000000, 0x0000000100000000)
  region size 1024K, 21 young (21504K), 3 survivors (3072K)
 Metaspace       used 66866K, capacity 68795K, committed 68864K, reserved 1110016K
  class space    used 8523K, capacity 9203K, committed 9216K, reserved 1048576K
Heap Regions: E=young(eden), S=young(survivor), O=old, HS=humongous(starts), HC=humongous(continues), CS=collection set, F=free, A=archive, TAMS=top-at-mark-start (previous, next)
|   0|0x0000000080000000, 0x0000000080100000, 0x0000000080100000|100%| O|  |TAMS 0x0000000080100000, 0x0000000080000000| Untracked 
|   1|0x0000000080100000, 0x0000000080200000, 0x0000000080200000|100%| O|  |TAMS 0x0000000080200000, 0x0000000080100000| Untracked 
|   2|0x0000000080200000, 0x0000000080300000, 0x0000000080300000|100%| O|  |TAMS 0x0000000080300000, 0x0000000080200000| Untracked 
|   3|0x0000000080300000, 0x0000000080400000, 0x0000000080400000|100%|HS|  |TAMS 0x0000000080400000, 0x0000000080300000| Complete 
|   4|0x0000000080400000, 0x0000000080500000, 0x0000000080500000|100%|HC|  |TAMS 0x0000000080500000, 0x0000000080400000| Complete 
|   5|0x0000000080500000, 0x0000000080600000, 0x0000000080600000|100%|HC|  |TAMS 0x0000000080600000, 0x0000000080500000| Complete 
|   6|0x0000000080600000, 0x0000000080700000, 0x0000000080700000|100%| O|  |TAMS 0x0000000080700000, 0x0000000080600000| Untracked 
|   7|0x0000000080700000, 0x0000000080800000, 0x0000000080800000|100%| O|  |TAMS 0x0000000080800000, 0x0000000080700000| Untracked 
|   8|0x0000000080800000, 0x0000000080900000, 0x0000000080900000|100%| O|  |TAMS 0x0000000080900000, 0x0000000080800000| Untracked 
|   9|0x0000000080900000, 0x0000000080a00000, 0x0000000080a00000|100%| O|  |TAMS 0x0000000080a00000, 0x0000000080900000| Untracked 
|  10|0x0000000080a00000, 0x0000000080b00000, 0x0000000080b00000|100%| O|  |TAMS 0x0000000080b00000, 0x0000000080a00000| Untracked 
|  11|0x0000000080b00000, 0x0000000080c00000, 0x0000000080c00000|100%| O|  |TAMS 0x0000000080c00000, 0x0000000080b00000| Untracked 
|  12|0x0000000080c00000, 0x0000000080d00000, 0x0000000080d00000|100%| O|  |TAMS 0x0000000080d00000, 0x0000000080c00000| Untracked 
|  13|0x0000000080d00000, 0x0000000080e00000, 0x0000000080e00000|100%| O|  |TAMS 0x0000000080e00000, 0x0000000080d00000| Untracked 
|  14|0x0000000080e00000, 0x0000000080f00000, 0x0000000080f00000|100%| O|  |TAMS 0x0000000080f00000, 0x0000000080e00000| Untracked 
|  15|0x0000000080f00000, 0x0000000081000000, 0x0000000081000000|100%| O|  |TAMS 0x0000000081000000, 0x0000000080f00000| Untracked 
|  16|0x0000000081000000, 0x0000000081100000, 0x0000000081100000|100%| O|  |TAMS 0x0000000081100000, 0x0000000081000000| Untracked 
|  17|0x0000000081100000, 0x0000000081200000, 0x0000000081200000|100%|HS|  |TAMS 0x0000000081200000, 0x0000000081100000| Complete 
|  18|0x0000000081200000, 0x0000000081300000, 0x0000000081300000|100%|HC|  |TAMS 0x0000000081300000, 0x0000000081200000| Complete 
|  19|0x0000000081300000, 0x0000000081400000, 0x0000000081400000|100%|HS|  |TAMS 0x0000000081400000, 0x0000000081300000| Complete 
|  20|0x0000000081400000, 0x0000000081500000, 0x0000000081500000|100%|HC|  |TAMS 0x0000000081500000, 0x0000000081400000| Complete 
|  21|0x0000000081500000, 0x0000000081600000, 0x0000000081600000|100%|HC|  |TAMS 0x0000000081600000, 0x0000000081500000| Complete 
|  22|0x0000000081600000, 0x0000000081700000, 0x0000000081700000|100%| O|  |TAMS 0x0000000081700000, 0x0000000081600000| Untracked 
|  23|0x0000000081700000, 0x0000000081800000, 0x0000000081800000|100%|HS|  |TAMS 0x0000000081800000, 0x0000000081700000| Complete 
|  24|0x0000000081800000, 0x0000000081900000, 0x0000000081900000|100%|HC|  |TAMS 0x0000000081900000, 0x0000000081800000| Complete 
|  25|0x0000000081900000, 0x0000000081a00000, 0x0000000081a00000|100%|HC|  |TAMS 0x0000000081a00000, 0x0000000081900000| Complete 
|  26|0x0000000081a00000, 0x0000000081b00000, 0x0000000081b00000|100%|HC|  |TAMS 0x0000000081b00000, 0x0000000081a00000| Complete 
|  27|0x0000000081b00000, 0x0000000081c00000, 0x0000000081c00000|100%|HC|  |TAMS 0x0000000081c00000, 0x0000000081b00000| Complete 
|  28|0x0000000081c00000, 0x0000000081d00000, 0x0000000081d00000|100%| O|  |TAMS 0x0000000081d00000, 0x0000000081c00000| Untracked 
|  29|0x0000000081d00000, 0x0000000081e00000, 0x0000000081e00000|100%| O|  |TAMS 0x0000000081e00000, 0x0000000081d00000| Untracked 
|  30|0x0000000081e00000, 0x0000000081f00000, 0x0000000081f00000|100%| O|  |TAMS 0x0000000081f00000, 0x0000000081e00000| Untracked 
|  31|0x0000000081f00000, 0x0000000082000000, 0x0000000082000000|100%| O|  |TAMS 0x0000000082000000, 0x0000000081f00000| Untracked 
|  32|0x0000000082000000, 0x0000000082100000, 0x0000000082100000|100%| O|  |TAMS 0x0000000082100000, 0x0000000082000000| Untracked 
|  33|0x0000000082100000, 0x0000000082200000, 0x0000000082200000|100%| O|  |TAMS 0x0000000082200000, 0x0000000082100000| Untracked 
|  34|0x0000000082200000, 0x0000000082300000, 0x0000000082300000|100%| O|  |TAMS 0x0000000082300000, 0x0000000082200000| Untracked 
|  35|0x0000000082300000, 0x0000000082400000, 0x0000000082400000|100%| O|  |TAMS 0x0000000082400000, 0x0000000082300000| Untracked 
|  36|0x0000000082400000, 0x0000000082500000, 0x0000000082500000|100%| O|  |TAMS 0x0000000082500000, 0x0000000082400000| Untracked 
|  37|0x0000000082500000, 0x0000000082600000, 0x0000000082600000|100%| O|  |TAMS 0x0000000082600000, 0x0000000082500000| Untracked 
|  38|0x0000000082600000, 0x0000000082700000, 0x0000000082700000|100%| O|  |TAMS 0x0000000082700000, 0x0000000082600000| Untracked 
|  39|0x0000000082700000, 0x0000000082800000, 0x0000000082800000|100%| O|  |TAMS 0x0000000082800000, 0x0000000082700000| Untracked 
|  40|0x0000000082800000, 0x0000000082900000, 0x0000000082900000|100%|HS|  |TAMS 0x0000000082900000, 0x0000000082800000| Complete 
|  41|0x0000000082900000, 0x0000000082a00000, 0x0000000082a00000|100%|HC|  |TAMS 0x0000000082a00000, 0x0000000082900000| Complete 
|  42|0x0000000082a00000, 0x0000000082b00000, 0x0000000082b00000|100%|HC|  |TAMS 0x0000000082b00000, 0x0000000082a00000| Complete 
|  43|0x0000000082b00000, 0x0000000082c00000, 0x0000000082c00000|100%|HC|  |TAMS 0x0000000082c00000, 0x0000000082b00000| Complete 
|  44|0x0000000082c00000, 0x0000000082d00000, 0x0000000082d00000|100%|HC|  |TAMS 0x0000000082d00000, 0x0000000082c00000| Complete 
|  45|0x0000000082d00000, 0x0000000082e00000, 0x0000000082e00000|100%| O|  |TAMS 0x0000000082e00000, 0x0000000082d00000| Untracked 
|  46|0x0000000082e00000, 0x0000000082f00000, 0x0000000082f00000|100%| O|  |TAMS 0x0000000082f00000, 0x0000000082e00000| Untracked 
|  47|0x0000000082f00000, 0x0000000083000000, 0x0000000083000000|100%| O|  |TAMS 0x0000000083000000, 0x0000000082f00000| Untracked 
|  48|0x0000000083000000, 0x0000000083100000, 0x0000000083100000|100%| O|  |TAMS 0x0000000083100000, 0x0000000083000000| Untracked 
|  49|0x0000000083100000, 0x0000000083200000, 0x0000000083200000|100%|HS|  |TAMS 0x0000000083200000, 0x0000000083100000| Complete 
|  50|0x0000000083200000, 0x0000000083300000, 0x0000000083300000|100%|HC|  |TAMS 0x0000000083300000, 0x0000000083200000| Complete 
|  51|0x0000000083300000, 0x0000000083400000, 0x0000000083400000|100%|HC|  |TAMS 0x0000000083400000, 0x0000000083300000| Complete 
|  52|0x0000000083400000, 0x0000000083500000, 0x0000000083500000|100%| O|  |TAMS 0x0000000083400000, 0x0000000083400000| Untracked 
|  53|0x0000000083500000, 0x0000000083600000, 0x0000000083600000|100%| O|  |TAMS 0x0000000083600000, 0x0000000083500000| Untracked 
|  54|0x0000000083600000, 0x0000000083700000, 0x0000000083700000|100%| O|  |TAMS 0x0000000083700000, 0x0000000083600000| Untracked 
|  55|0x0000000083700000, 0x0000000083800000, 0x0000000083800000|100%| O|  |TAMS 0x0000000083800000, 0x0000000083700000| Untracked 
|  56|0x0000000083800000, 0x0000000083900000, 0x0000000083900000|100%| O|  |TAMS 0x0000000083900000, 0x0000000083800000| Untracked 
|  57|0x0000000083900000, 0x0000000083a00000, 0x0000000083a00000|100%| O|  |TAMS 0x0000000083917c00, 0x0000000083900000| Untracked 
|  58|0x0000000083a00000, 0x0000000083b00000, 0x0000000083b00000|100%|HS|  |TAMS 0x0000000083a00000, 0x0000000083a00000| Complete 
|  59|0x0000000083b00000, 0x0000000083c00000, 0x0000000083c00000|100%|HS|  |TAMS 0x0000000083b00000, 0x0000000083b00000| Complete 
|  60|0x0000000083c00000, 0x0000000083d00000, 0x0000000083d00000|100%|HS|  |TAMS 0x0000000083c00000, 0x0000000083c00000| Complete 
|  61|0x0000000083d00000, 0x0000000083e00000, 0x0000000083e00000|100%|HC|  |TAMS 0x0000000083d00000, 0x0000000083d00000| Complete 
|  62|0x0000000083e00000, 0x0000000083f00000, 0x0000000083f00000|100%| O|  |TAMS 0x0000000083e00000, 0x0000000083e00000| Untracked 
|  63|0x0000000083f00000, 0x0000000084000000, 0x0000000084000000|100%| O|  |TAMS 0x0000000083f00000, 0x0000000083f00000| Untracked 
|  64|0x0000000084000000, 0x0000000084100000, 0x0000000084100000|100%| O|  |TAMS 0x0000000084000000, 0x0000000084000000| Untracked 
|  65|0x0000000084100000, 0x0000000084200000, 0x0000000084200000|100%| O|  |TAMS 0x0000000084100000, 0x0000000084100000| Untracked 
|  66|0x0000000084200000, 0x0000000084300000, 0x0000000084300000|100%| O|  |TAMS 0x0000000084200000, 0x0000000084200000| Untracked 
|  67|0x0000000084300000, 0x0000000084400000, 0x0000000084400000|100%| O|  |TAMS 0x0000000084300000, 0x0000000084300000| Untracked 
|  68|0x0000000084400000, 0x0000000084500000, 0x0000000084500000|100%| O|  |TAMS 0x0000000084400000, 0x0000000084400000| Untracked 
|  69|0x0000000084500000, 0x0000000084600000, 0x0000000084600000|100%| O|  |TAMS 0x0000000084500000, 0x0000000084500000| Untracked 
|  70|0x0000000084600000, 0x0000000084700000, 0x0000000084700000|100%| O|  |TAMS 0x0000000084600000, 0x0000000084600000| Untracked 
|  71|0x0000000084700000, 0x0000000084800000, 0x0000000084800000|100%| O|  |TAMS 0x0000000084700000, 0x0000000084700000| Untracked 
|  72|0x0000000084800000, 0x0000000084900000, 0x0000000084900000|100%| O|  |TAMS 0x0000000084800000, 0x0000000084800000| Untracked 
|  73|0x0000000084900000, 0x0000000084a00000, 0x0000000084a00000|100%| O|  |TAMS 0x0000000084900000, 0x0000000084900000| Untracked 
|  74|0x0000000084a00000, 0x0000000084a00000, 0x0000000084b00000|  0%| F|  |TAMS 0x0000000084a00000, 0x0000000084a00000| Untracked 
|  75|0x0000000084b00000, 0x0000000084b00000, 0x0000000084c00000|  0%| F|  |TAMS 0x0000000084b00000, 0x0000000084b00000| Untracked 
|  76|0x0000000084c00000, 0x0000000084c00000, 0x0000000084d00000|  0%| F|  |TAMS 0x0000000084c00000, 0x0000000084c00000| Untracked 
|  77|0x0000000084d00000, 0x0000000084d00000, 0x0000000084e00000|  0%| F|  |TAMS 0x0000000084d00000, 0x0000000084d00000| Untracked 
|  78|0x0000000084e00000, 0x0000000084e00000, 0x0000000084f00000|  0%| F|  |TAMS 0x0000000084e00000, 0x0000000084e00000| Untracked 
|  79|0x0000000084f00000, 0x0000000084f00000, 0x0000000085000000|  0%| F|  |TAMS 0x0000000084f00000, 0x0000000084f00000| Untracked 
|  80|0x0000000085000000, 0x0000000085000000, 0x0000000085100000|  0%| F|  |TAMS 0x0000000085000000, 0x0000000085000000| Untracked 
|  81|0x0000000085100000, 0x0000000085100000, 0x0000000085200000|  0%| F|  |TAMS 0x0000000085100000, 0x0000000085100000| Untracked 
|  82|0x0000000085200000, 0x0000000085200000, 0x0000000085300000|  0%| F|  |TAMS 0x0000000085200000, 0x0000000085200000| Untracked 
|  83|0x0000000085300000, 0x0000000085300000, 0x0000000085400000|  0%| F|  |TAMS 0x0000000085300000, 0x0000000085300000| Untracked 
|  84|0x0000000085400000, 0x0000000085400000, 0x0000000085500000|  0%| F|  |TAMS 0x0000000085400000, 0x0000000085400000| Untracked 
|  85|0x0000000085500000, 0x0000000085500000, 0x0000000085600000|  0%| F|  |TAMS 0x0000000085500000, 0x0000000085500000| Untracked 
|  86|0x0000000085600000, 0x0000000085600000, 0x0000000085700000|  0%| F|  |TAMS 0x0000000085600000, 0x0000000085600000| Untracked 
|  87|0x0000000085700000, 0x0000000085700000, 0x0000000085800000|  0%| F|  |TAMS 0x0000000085700000, 0x0000000085700000| Untracked 
|  88|0x0000000085800000, 0x0000000085800000, 0x0000000085900000|  0%| F|  |TAMS 0x0000000085800000, 0x0000000085800000| Untracked 
|  89|0x0000000085900000, 0x0000000085900000, 0x0000000085a00000|  0%| F|  |TAMS 0x0000000085900000, 0x0000000085900000| Untracked 
|  90|0x0000000085a00000, 0x0000000085a00000, 0x0000000085b00000|  0%| F|  |TAMS 0x0000000085a00000, 0x0000000085a00000| Untracked 
|  91|0x0000000085b00000, 0x0000000085b00000, 0x0000000085c00000|  0%| F|  |TAMS 0x0000000085b00000, 0x0000000085b00000| Untracked 
|  92|0x0000000085c00000, 0x0000000085c00000, 0x0000000085d00000|  0%| F|  |TAMS 0x0000000085c00000, 0x0000000085c00000| Untracked 
|  93|0x0000000085d00000, 0x0000000085d00000, 0x0000000085e00000|  0%| F|  |TAMS 0x0000000085d00000, 0x0000000085d00000| Untracked 
|  94|0x0000000085e00000, 0x0000000085e00000, 0x0000000085f00000|  0%| F|  |TAMS 0x0000000085e00000, 0x0000000085e00000| Untracked 
|  95|0x0000000085f00000, 0x0000000085f00000, 0x0000000086000000|  0%| F|  |TAMS 0x0000000085f00000, 0x0000000085f00000| Untracked 
|  96|0x0000000086000000, 0x0000000086000000, 0x0000000086100000|  0%| F|  |TAMS 0x0000000086000000, 0x0000000086000000| Untracked 
|  97|0x0000000086100000, 0x0000000086100000, 0x0000000086200000|  0%| F|  |TAMS 0x0000000086100000, 0x0000000086100000| Untracked 
|  98|0x0000000086200000, 0x0000000086200000, 0x0000000086300000|  0%| F|  |TAMS 0x0000000086200000, 0x0000000086200000| Untracked 
|  99|0x0000000086300000, 0x0000000086300000, 0x0000000086400000|  0%| F|  |TAMS 0x0000000086300000, 0x0000000086300000| Untracked 
| 100|0x0000000086400000, 0x0000000086400000, 0x0000000086500000|  0%| F|  |TAMS 0x0000000086400000, 0x0000000086400000| Untracked 
| 101|0x0000000086500000, 0x0000000086500000, 0x0000000086600000|  0%| F|  |TAMS 0x0000000086500000, 0x0000000086500000| Untracked 
| 102|0x0000000086600000, 0x0000000086600000, 0x0000000086700000|  0%| F|  |TAMS 0x0000000086600000, 0x0000000086600000| Untracked 
| 103|0x0000000086700000, 0x0000000086700000, 0x0000000086800000|  0%| F|  |TAMS 0x0000000086700000, 0x0000000086700000| Untracked 
| 104|0x0000000086800000, 0x0000000086800000, 0x0000000086900000|  0%| F|  |TAMS 0x0000000086800000, 0x0000000086800000| Untracked 
| 105|0x0000000086900000, 0x0000000086999730, 0x0000000086a00000| 59%| S|CS|TAMS 0x0000000086900000, 0x0000000086900000| Complete 
| 106|0x0000000086a00000, 0x0000000086b00000, 0x0000000086b00000|100%| S|CS|TAMS 0x0000000086a00000, 0x0000000086a00000| Complete 
| 107|0x0000000086b00000, 0x0000000086c00000, 0x0000000086c00000|100%| S|CS|TAMS 0x0000000086b00000, 0x0000000086b00000| Complete 
| 108|0x0000000086c00000, 0x0000000086c00000, 0x0000000086d00000|  0%| F|  |TAMS 0x0000000086c00000, 0x0000000086c00000| Untracked 
| 109|0x0000000086d00000, 0x0000000086d00000, 0x0000000086e00000|  0%| F|  |TAMS 0x0000000086d00000, 0x0000000086d00000| Untracked 
| 110|0x0000000086e00000, 0x0000000086e00000, 0x0000000086f00000|  0%| F|  |TAMS 0x0000000086e00000, 0x0000000086e00000| Untracked 
| 111|0x0000000086f00000, 0x0000000086f00000, 0x0000000087000000|  0%| F|  |TAMS 0x0000000086f00000, 0x0000000086f00000| Untracked 
| 112|0x0000000087000000, 0x0000000087000000, 0x0000000087100000|  0%| F|  |TAMS 0x0000000087000000, 0x0000000087000000| Untracked 
| 113|0x0000000087100000, 0x0000000087100000, 0x0000000087200000|  0%| F|  |TAMS 0x0000000087100000, 0x0000000087100000| Untracked 
| 114|0x0000000087200000, 0x0000000087200000, 0x0000000087300000|  0%| F|  |TAMS 0x0000000087200000, 0x0000000087200000| Untracked 
| 115|0x0000000087300000, 0x0000000087300000, 0x0000000087400000|  0%| F|  |TAMS 0x0000000087300000, 0x0000000087300000| Untracked 
| 116|0x0000000087400000, 0x0000000087400000, 0x0000000087500000|  0%| F|  |TAMS 0x0000000087400000, 0x0000000087400000| Untracked 
| 117|0x0000000087500000, 0x0000000087500000, 0x0000000087600000|  0%| F|  |TAMS 0x0000000087500000, 0x0000000087500000| Untracked 
| 118|0x0000000087600000, 0x0000000087600000, 0x0000000087700000|  0%| F|  |TAMS 0x0000000087600000, 0x0000000087600000| Untracked 
| 119|0x0000000087700000, 0x0000000087700000, 0x0000000087800000|  0%| F|  |TAMS 0x0000000087700000, 0x0000000087700000| Untracked 
| 120|0x0000000087800000, 0x0000000087800000, 0x0000000087900000|  0%| F|  |TAMS 0x0000000087800000, 0x0000000087800000| Untracked 
| 121|0x0000000087900000, 0x0000000087900000, 0x0000000087a00000|  0%| F|  |TAMS 0x0000000087900000, 0x0000000087900000| Untracked 
| 122|0x0000000087a00000, 0x0000000087a00000, 0x0000000087b00000|  0%| F|  |TAMS 0x0000000087a00000, 0x0000000087a00000| Untracked 
| 123|0x0000000087b00000, 0x0000000087b00000, 0x0000000087c00000|  0%| F|  |TAMS 0x0000000087b00000, 0x0000000087b00000| Untracked 
| 124|0x0000000087c00000, 0x0000000087c00000, 0x0000000087d00000|  0%| F|  |TAMS 0x0000000087c00000, 0x0000000087c00000| Untracked 
| 125|0x0000000087d00000, 0x0000000087d00000, 0x0000000087e00000|  0%| F|  |TAMS 0x0000000087d00000, 0x0000000087d00000| Untracked 
| 126|0x0000000087e00000, 0x0000000087e00000, 0x0000000087f00000|  0%| F|  |TAMS 0x0000000087e00000, 0x0000000087e00000| Untracked 
| 127|0x0000000087f00000, 0x0000000087f00000, 0x0000000088000000|  0%| F|  |TAMS 0x0000000087f00000, 0x0000000087f00000| Untracked 
| 128|0x0000000088000000, 0x0000000088000000, 0x0000000088100000|  0%| F|  |TAMS 0x0000000088000000, 0x0000000088000000| Untracked 
| 129|0x0000000088100000, 0x0000000088100000, 0x0000000088200000|  0%| F|  |TAMS 0x0000000088100000, 0x0000000088100000| Untracked 
| 130|0x0000000088200000, 0x0000000088200000, 0x0000000088300000|  0%| F|  |TAMS 0x0000000088200000, 0x0000000088200000| Untracked 
| 131|0x0000000088300000, 0x0000000088300000, 0x0000000088400000|  0%| F|  |TAMS 0x0000000088300000, 0x0000000088300000| Untracked 
| 132|0x0000000088400000, 0x0000000088400000, 0x0000000088500000|  0%| F|  |TAMS 0x0000000088400000, 0x0000000088400000| Untracked 
| 133|0x0000000088500000, 0x0000000088500000, 0x0000000088600000|  0%| F|  |TAMS 0x0000000088500000, 0x0000000088500000| Untracked 
| 134|0x0000000088600000, 0x0000000088600000, 0x0000000088700000|  0%| F|  |TAMS 0x0000000088600000, 0x0000000088600000| Untracked 
| 135|0x0000000088700000, 0x0000000088700000, 0x0000000088800000|  0%| F|  |TAMS 0x0000000088700000, 0x0000000088700000| Untracked 
| 136|0x0000000088800000, 0x0000000088800000, 0x0000000088900000|  0%| F|  |TAMS 0x0000000088800000, 0x0000000088800000| Untracked 
| 137|0x0000000088900000, 0x0000000088900000, 0x0000000088a00000|  0%| F|  |TAMS 0x0000000088900000, 0x0000000088900000| Untracked 
| 138|0x0000000088a00000, 0x0000000088a00000, 0x0000000088b00000|  0%| F|  |TAMS 0x0000000088a00000, 0x0000000088a00000| Untracked 
| 139|0x0000000088b00000, 0x0000000088b00000, 0x0000000088c00000|  0%| F|  |TAMS 0x0000000088b00000, 0x0000000088b00000| Untracked 
| 140|0x0000000088c00000, 0x0000000088c00000, 0x0000000088d00000|  0%| F|  |TAMS 0x0000000088c00000, 0x0000000088c00000| Untracked 
| 141|0x0000000088d00000, 0x0000000088d00000, 0x0000000088e00000|  0%| F|  |TAMS 0x0000000088d00000, 0x0000000088d00000| Untracked 
| 142|0x0000000088e00000, 0x0000000088e00000, 0x0000000088f00000|  0%| F|  |TAMS 0x0000000088e00000, 0x0000000088e00000| Untracked 
| 143|0x0000000088f00000, 0x0000000088f80800, 0x0000000089000000| 50%| E|  |TAMS 0x0000000088f00000, 0x0000000088f00000| Complete 
| 144|0x0000000089000000, 0x0000000089100000, 0x0000000089100000|100%| E|CS|TAMS 0x0000000089000000, 0x0000000089000000| Complete 
| 145|0x0000000089100000, 0x0000000089200000, 0x0000000089200000|100%| E|CS|TAMS 0x0000000089100000, 0x0000000089100000| Complete 
| 146|0x0000000089200000, 0x0000000089300000, 0x0000000089300000|100%| E|CS|TAMS 0x0000000089200000, 0x0000000089200000| Complete 
| 147|0x0000000089300000, 0x0000000089400000, 0x0000000089400000|100%| E|  |TAMS 0x0000000089300000, 0x0000000089300000| Complete 
| 148|0x0000000089400000, 0x0000000089500000, 0x0000000089500000|100%| E|CS|TAMS 0x0000000089400000, 0x0000000089400000| Complete 
| 149|0x0000000089500000, 0x0000000089600000, 0x0000000089600000|100%| E|CS|TAMS 0x0000000089500000, 0x0000000089500000| Complete 
| 150|0x0000000089600000, 0x0000000089700000, 0x0000000089700000|100%| E|CS|TAMS 0x0000000089600000, 0x0000000089600000| Complete 
| 151|0x0000000089700000, 0x0000000089800000, 0x0000000089800000|100%| E|CS|TAMS 0x0000000089700000, 0x0000000089700000| Complete 
| 152|0x0000000089800000, 0x0000000089900000, 0x0000000089900000|100%| E|CS|TAMS 0x0000000089800000, 0x0000000089800000| Complete 
| 153|0x0000000089900000, 0x0000000089a00000, 0x0000000089a00000|100%| E|CS|TAMS 0x0000000089900000, 0x0000000089900000| Complete 
| 154|0x0000000089a00000, 0x0000000089b00000, 0x0000000089b00000|100%| E|CS|TAMS 0x0000000089a00000, 0x0000000089a00000| Complete 
| 155|0x0000000089b00000, 0x0000000089c00000, 0x0000000089c00000|100%| E|CS|TAMS 0x0000000089b00000, 0x0000000089b00000| Complete 
| 156|0x0000000089c00000, 0x0000000089d00000, 0x0000000089d00000|100%| E|CS|TAMS 0x0000000089c00000, 0x0000000089c00000| Complete 
| 157|0x0000000089d00000, 0x0000000089e00000, 0x0000000089e00000|100%| E|CS|TAMS 0x0000000089d00000, 0x0000000089d00000| Complete 
| 158|0x0000000089e00000, 0x0000000089f00000, 0x0000000089f00000|100%| E|CS|TAMS 0x0000000089e00000, 0x0000000089e00000| Complete 
| 159|0x0000000089f00000, 0x000000008a000000, 0x000000008a000000|100%| E|CS|TAMS 0x0000000089f00000, 0x0000000089f00000| Complete 
| 160|0x000000008a000000, 0x000000008a100000, 0x000000008a100000|100%| E|CS|TAMS 0x000000008a000000, 0x000000008a000000| Complete 

Card table byte_map: [0x000002062a1a0000,0x000002062a5a0000] _byte_map_base: 0x0000020629da0000

Marking Bits (Prev, Next): (CMBitMap*) 0x0000020616ccdad0, (CMBitMap*) 0x0000020616ccda98
 Prev Bits: [0x000002062c9a0000, 0x000002062e9a0000)
 Next Bits: [0x000002062a9a0000, 0x000002062c9a0000)

Polling page: 0x0000020615470000

Metaspace:

Usage:
  Non-class:     58.20 MB capacity,    56.98 MB ( 98%) used,     1.04 MB (  2%) free+waste,   181.31 KB ( <1%) overhead. 
      Class:      8.99 MB capacity,     8.32 MB ( 93%) used,   593.04 KB (  6%) free+waste,    86.50 KB ( <1%) overhead. 
       Both:     67.18 MB capacity,    65.30 MB ( 97%) used,     1.62 MB (  2%) free+waste,   267.81 KB ( <1%) overhead. 

Virtual space:
  Non-class space:       60.00 MB reserved,      58.25 MB ( 97%) committed 
      Class space:        1.00 GB reserved,       9.00 MB ( <1%) committed 
             Both:        1.06 GB reserved,      67.25 MB (  6%) committed 

Chunk freelists:
   Non-Class:  56.00 KB
       Class:  13.00 KB
        Both:  69.00 KB

MaxMetaspaceSize: 17179869184.00 GB
CompressedClassSpaceSize: 1.00 GB

CodeHeap 'non-profiled nmethods': size=120064Kb used=3321Kb max_used=3321Kb free=116742Kb
 bounds [0x0000020622240000, 0x0000020622580000, 0x0000020629780000]
CodeHeap 'profiled nmethods': size=120000Kb used=14985Kb max_used=14985Kb free=105014Kb
 bounds [0x000002061ad10000, 0x000002061bbc0000, 0x0000020622240000]
CodeHeap 'non-nmethods': size=5696Kb used=2263Kb max_used=2278Kb free=3432Kb
 bounds [0x000002061a780000, 0x000002061a9f0000, 0x000002061ad10000]
 total_blobs=8159 nmethods=7300 adapters=770
 compilation: enabled
              stopped_count=0, restarted_count=0
 full_count=0

Compilation events (20 events):
Event: 26.332 Thread 0x0000020631800800 7416       2       java.math.MutableBigInteger::unsignedLongCompare (20 bytes)
Event: 26.332 Thread 0x0000020631800800 nmethod 7416 0x000002061bba6210 code [0x000002061bba63c0, 0x000002061bba64d8]
Event: 26.332 Thread 0x0000020631800800 7424       1       java.security.Provider$Service::getType (5 bytes)
Event: 26.332 Thread 0x0000020631800800 nmethod 7424 0x000002062257de10 code [0x000002062257dfc0, 0x000002062257e078]
Event: 26.332 Thread 0x0000020631800800 7425       1       java.security.Provider$Service::getAlgorithm (5 bytes)
Event: 26.332 Thread 0x0000020631800800 nmethod 7425 0x000002062257e110 code [0x000002062257e2c0, 0x000002062257e378]
Event: 26.332 Thread 0x0000020631800800 7428       2       java.util.jar.Manifest::getAttributes (14 bytes)
Event: 26.333 Thread 0x0000020631800800 nmethod 7428 0x000002061bba6590 code [0x000002061bba6740, 0x000002061bba6888]
Event: 26.333 Thread 0x0000020631800800 7426       1       java.security.Provider$Service::getAliases (5 bytes)
Event: 26.333 Thread 0x0000020631800800 nmethod 7426 0x000002062257e410 code [0x000002062257e5c0, 0x000002062257e678]
Event: 26.333 Thread 0x0000020631800800 7427       2       sun.net.www.protocol.file.FileURLConnection::<init> (38 bytes)
Event: 26.333 Thread 0x0000020631800800 nmethod 7427 0x000002061bba6990 code [0x000002061bba6b60, 0x000002061bba6df8]
Event: 26.337 Thread 0x0000020631800800 7429       2       java.io.InputStream::readNBytes (274 bytes)
Event: 26.339 Thread 0x0000020631800800 nmethod 7429 0x000002061bba6f10 code [0x000002061bba71c0, 0x000002061bba7fc8]
Event: 26.369 Thread 0x0000020631800800 7434       2       sun.security.util.DerInputBuffer::<init> (16 bytes)
Event: 26.369 Thread 0x0000020631800800 nmethod 7434 0x000002061bba8590 code [0x000002061bba8740, 0x000002061bba88b8]
Event: 26.369 Thread 0x0000020631800800 7435       2       sun.security.util.DerValue::init (206 bytes)
Event: 26.371 Thread 0x0000020631800800 nmethod 7435 0x000002061bba8990 code [0x000002061bba8c80, 0x000002061bba9b88]
Event: 26.371 Thread 0x0000020631800800 7436       2       sun.security.util.IOUtils::readExactlyNBytes (53 bytes)
Event: 26.372 Thread 0x0000020631800800 nmethod 7436 0x000002061bbaa210 code [0x000002061bbaa440, 0x000002061bbaa918]

GC Heap History (20 events):
Event: 15.944 GC heap before
{Heap before GC invocations=43 (full 0):
 garbage-first heap   total 83968K, used 62528K [0x0000000080000000, 0x0000000100000000)
  region size 1024K, 15 young (15360K), 2 survivors (2048K)
 Metaspace       used 44497K, capacity 45657K, committed 45696K, reserved 1089536K
  class space    used 5833K, capacity 6252K, committed 6272K, reserved 1048576K
}
Event: 15.949 GC heap after
{Heap after GC invocations=44 (full 0):
 garbage-first heap   total 83968K, used 49706K [0x0000000080000000, 0x0000000100000000)
  region size 1024K, 1 young (1024K), 1 survivors (1024K)
 Metaspace       used 44497K, capacity 45657K, committed 45696K, reserved 1089536K
  class space    used 5833K, capacity 6252K, committed 6272K, reserved 1048576K
}
Event: 16.300 GC heap before
{Heap before GC invocations=44 (full 0):
 garbage-first heap   total 83968K, used 64042K [0x0000000080000000, 0x0000000100000000)
  region size 1024K, 15 young (15360K), 1 survivors (1024K)
 Metaspace       used 44548K, capacity 45721K, committed 45952K, reserved 1089536K
  class space    used 5833K, capacity 6252K, committed 6272K, reserved 1048576K
}
Event: 16.307 GC heap after
{Heap after GC invocations=45 (full 0):
 garbage-first heap   total 83968K, used 50301K [0x0000000080000000, 0x0000000100000000)
  region size 1024K, 2 young (2048K), 2 survivors (2048K)
 Metaspace       used 44548K, capacity 45721K, committed 45952K, reserved 1089536K
  class space    used 5833K, capacity 6252K, committed 6272K, reserved 1048576K
}
Event: 16.511 GC heap before
{Heap before GC invocations=46 (full 0):
 garbage-first heap   total 83968K, used 64637K [0x0000000080000000, 0x0000000100000000)
  region size 1024K, 16 young (16384K), 2 survivors (2048K)
 Metaspace       used 44554K, capacity 45721K, committed 45952K, reserved 1089536K
  class space    used 5833K, capacity 6252K, committed 6272K, reserved 1048576K
}
Event: 16.519 GC heap after
{Heap after GC invocations=47 (full 0):
 garbage-first heap   total 122880K, used 50960K [0x0000000080000000, 0x0000000100000000)
  region size 1024K, 2 young (2048K), 2 survivors (2048K)
 Metaspace       used 44554K, capacity 45721K, committed 45952K, reserved 1089536K
  class space    used 5833K, capacity 6252K, committed 6272K, reserved 1048576K
}
Event: 16.826 GC heap before
{Heap before GC invocations=47 (full 0):
 garbage-first heap   total 122880K, used 83728K [0x0000000080000000, 0x0000000100000000)
  region size 1024K, 34 young (34816K), 2 survivors (2048K)
 Metaspace       used 44589K, capacity 45721K, committed 45952K, reserved 1089536K
  class space    used 5833K, capacity 6252K, committed 6272K, reserved 1048576K
}
Event: 16.834 GC heap after
{Heap after GC invocations=48 (full 0):
 garbage-first heap   total 122880K, used 51455K [0x0000000080000000, 0x0000000100000000)
  region size 1024K, 2 young (2048K), 2 survivors (2048K)
 Metaspace       used 44589K, capacity 45721K, committed 45952K, reserved 1089536K
  class space    used 5833K, capacity 6252K, committed 6272K, reserved 1048576K
}
Event: 18.216 GC heap before
{Heap before GC invocations=48 (full 0):
 garbage-first heap   total 122880K, used 94463K [0x0000000080000000, 0x0000000100000000)
  region size 1024K, 41 young (41984K), 2 survivors (2048K)
 Metaspace       used 47361K, capacity 48630K, committed 48896K, reserved 1091584K
  class space    used 6134K, capacity 6617K, committed 6656K, reserved 1048576K
}
Event: 18.227 GC heap after
{Heap after GC invocations=49 (full 0):
 garbage-first heap   total 122880K, used 57917K [0x0000000080000000, 0x0000000100000000)
  region size 1024K, 6 young (6144K), 6 survivors (6144K)
 Metaspace       used 47361K, capacity 48630K, committed 48896K, reserved 1091584K
  class space    used 6134K, capacity 6617K, committed 6656K, reserved 1048576K
}
Event: 18.827 GC heap before
{Heap before GC invocations=49 (full 0):
 garbage-first heap   total 122880K, used 95805K [0x0000000080000000, 0x0000000100000000)
  region size 1024K, 43 young (44032K), 6 survivors (6144K)
 Metaspace       used 49555K, capacity 51043K, committed 51200K, reserved 1093632K
  class space    used 6279K, capacity 6818K, committed 6912K, reserved 1048576K
}
Event: 18.843 GC heap after
{Heap after GC invocations=50 (full 0):
 garbage-first heap   total 122880K, used 59463K [0x0000000080000000, 0x0000000100000000)
  region size 1024K, 2 young (2048K), 2 survivors (2048K)
 Metaspace       used 49555K, capacity 51043K, committed 51200K, reserved 1093632K
  class space    used 6279K, capacity 6818K, committed 6912K, reserved 1048576K
}
Event: 19.493 GC heap before
{Heap before GC invocations=50 (full 0):
 garbage-first heap   total 122880K, used 98375K [0x0000000080000000, 0x0000000100000000)
  region size 1024K, 40 young (40960K), 2 survivors (2048K)
 Metaspace       used 50995K, capacity 52417K, committed 52608K, reserved 1095680K
  class space    used 6481K, capacity 6977K, committed 7040K, reserved 1048576K
}
Event: 19.507 GC heap after
{Heap after GC invocations=51 (full 0):
 garbage-first heap   total 164864K, used 61743K [0x0000000080000000, 0x0000000100000000)
  region size 1024K, 5 young (5120K), 5 survivors (5120K)
 Metaspace       used 50995K, capacity 52417K, committed 52608K, reserved 1095680K
  class space    used 6481K, capacity 6977K, committed 7040K, reserved 1048576K
}
Event: 20.658 GC heap before
{Heap before GC invocations=52 (full 0):
 garbage-first heap   total 164864K, used 111919K [0x0000000080000000, 0x0000000100000000)
  region size 1024K, 54 young (55296K), 5 survivors (5120K)
 Metaspace       used 53982K, capacity 55626K, committed 55680K, reserved 1097728K
  class space    used 6964K, capacity 7517K, committed 7552K, reserved 1048576K
}
Event: 20.673 GC heap after
{Heap after GC invocations=53 (full 0):
 garbage-first heap   total 164864K, used 64132K [0x0000000080000000, 0x0000000100000000)
  region size 1024K, 5 young (5120K), 5 survivors (5120K)
 Metaspace       used 53982K, capacity 55626K, committed 55680K, reserved 1097728K
  class space    used 6964K, capacity 7517K, committed 7552K, reserved 1048576K
}
Event: 24.775 GC heap before
{Heap before GC invocations=53 (full 0):
 garbage-first heap   total 164864K, used 131716K [0x0000000080000000, 0x0000000100000000)
  region size 1024K, 68 young (69632K), 5 survivors (5120K)
 Metaspace       used 56999K, capacity 58817K, committed 58880K, reserved 1099776K
  class space    used 7315K, capacity 7927K, committed 7936K, reserved 1048576K
}
Event: 24.794 GC heap after
{Heap after GC invocations=54 (full 0):
 garbage-first heap   total 164864K, used 75588K [0x0000000080000000, 0x0000000100000000)
  region size 1024K, 9 young (9216K), 9 survivors (9216K)
 Metaspace       used 56999K, capacity 58817K, committed 58880K, reserved 1099776K
  class space    used 7315K, capacity 7927K, committed 7936K, reserved 1048576K
}
Event: 26.112 GC heap before
{Heap before GC invocations=54 (full 0):
 garbage-first heap   total 164864K, used 129860K [0x0000000080000000, 0x0000000100000000)
  region size 1024K, 62 young (63488K), 9 survivors (9216K)
 Metaspace       used 65173K, capacity 67153K, committed 67456K, reserved 1107968K
  class space    used 8328K, capacity 8996K, committed 9088K, reserved 1048576K
}
Event: 26.131 GC heap after
{Heap after GC invocations=55 (full 0):
 garbage-first heap   total 164864K, used 78437K [0x0000000080000000, 0x0000000100000000)
  region size 1024K, 3 young (3072K), 3 survivors (3072K)
 Metaspace       used 65173K, capacity 67153K, committed 67456K, reserved 1107968K
  class space    used 8328K, capacity 8996K, committed 9088K, reserved 1048576K
}

Deoptimization events (20 events):
Event: 26.299 Thread 0x0000020632540800 DEOPT PACKING pc=0x000002061bb94c37 sp=0x00000025ab1f4000
Event: 26.299 Thread 0x0000020632540800 DEOPT UNPACKING pc=0x000002061a7a76ce sp=0x00000025ab1f3458 mode 0
Event: 26.300 Thread 0x0000020632540800 DEOPT PACKING pc=0x000002061bb94c37 sp=0x00000025ab1f3ff0
Event: 26.300 Thread 0x0000020632540800 DEOPT UNPACKING pc=0x000002061a7a76ce sp=0x00000025ab1f3448 mode 0
Event: 26.329 Thread 0x0000020632540800 Uncommon trap: trap_request=0xffffff4d fr.pc=0x00000206223fa398 relative=0x0000000000002098
Event: 26.329 Thread 0x0000020632540800 Uncommon trap: reason=unstable_if action=reinterpret pc=0x00000206223fa398 method=java.util.jar.JarFile.maybeInstantiateVerifier()V @ 4 c2
Event: 26.329 Thread 0x0000020632540800 DEOPT PACKING pc=0x00000206223fa398 sp=0x00000025ab1f4ef0
Event: 26.329 Thread 0x0000020632540800 DEOPT UNPACKING pc=0x000002061a7a78af sp=0x00000025ab1f4e80 mode 2
Event: 26.331 Thread 0x0000020632540800 Uncommon trap: trap_request=0xffffff4d fr.pc=0x000002062249bf30 relative=0x0000000000002690
Event: 26.331 Thread 0x0000020632540800 Uncommon trap: reason=unstable_if action=reinterpret pc=0x000002062249bf30 method=java.security.CodeSource.<init>(Ljava/net/URL;[Ljava/security/CodeSigner;)V @ 37 c2
Event: 26.331 Thread 0x0000020632540800 DEOPT PACKING pc=0x000002062249bf30 sp=0x00000025ab1f4f30
Event: 26.331 Thread 0x0000020632540800 DEOPT UNPACKING pc=0x000002061a7a78af sp=0x00000025ab1f4f58 mode 2
Event: 26.332 Thread 0x0000020632540800 Uncommon trap: trap_request=0xffffff4d fr.pc=0x0000020622338010 relative=0x0000000000000070
Event: 26.332 Thread 0x0000020632540800 Uncommon trap: reason=unstable_if action=reinterpret pc=0x0000020622338010 method=java.security.CodeSource.getCertificates()[Ljava/security/cert/Certificate; @ 22 c2
Event: 26.332 Thread 0x0000020632540800 DEOPT PACKING pc=0x0000020622338010 sp=0x00000025ab1f4ce0
Event: 26.332 Thread 0x0000020632540800 DEOPT UNPACKING pc=0x000002061a7a78af sp=0x00000025ab1f4c68 mode 2
Event: 26.369 Thread 0x0000020632540800 Uncommon trap: trap_request=0xffffff4d fr.pc=0x000002062256fd6c relative=0x00000000000002ac
Event: 26.369 Thread 0x0000020632540800 Uncommon trap: reason=unstable_if action=reinterpret pc=0x000002062256fd6c method=java.util.LinkedHashMap.get(Ljava/lang/Object;)Ljava/lang/Object; @ 20 c2
Event: 26.369 Thread 0x0000020632540800 DEOPT PACKING pc=0x000002062256fd6c sp=0x00000025ab1f4220
Event: 26.369 Thread 0x0000020632540800 DEOPT UNPACKING pc=0x000002061a7a78af sp=0x00000025ab1f41d8 mode 2

Classes redefined (0 events):
No events

Internal exceptions (20 events):
Event: 24.138 Thread 0x0000020632540800 Exception <a 'java/lang/ClassNotFoundException'{0x00000000879d0f90}: org/gradle/api/tasks/DeleteCustomizer> (0x00000000879d0f90) thrown at [./src/hotspot/share/classfile/systemDictionary.cpp, line 231]
Event: 24.140 Thread 0x0000020632540800 Exception <a 'java/lang/ClassNotFoundException'{0x000000008780f828}: org/gradle/api/tasks/Delete_DecoratedCustomizer> (0x000000008780f828) thrown at [./src/hotspot/share/classfile/systemDictionary.cpp, line 231]
Event: 24.278 Thread 0x0000020634ec9800 Exception <a 'sun/nio/fs/WindowsException'{0x0000000088ad5c18}> (0x0000000088ad5c18) thrown at [./src/hotspot/share/prims/jni.cpp, line 615]
Event: 24.284 Thread 0x0000020634ec9800 Exception <a 'sun/nio/fs/WindowsException'{0x00000000868d6a28}> (0x00000000868d6a28) thrown at [./src/hotspot/share/prims/jni.cpp, line 615]
Event: 24.285 Thread 0x0000020634ec9800 Exception <a 'sun/nio/fs/WindowsException'{0x00000000868d6ba0}> (0x00000000868d6ba0) thrown at [./src/hotspot/share/prims/jni.cpp, line 615]
Event: 24.297 Thread 0x0000020632540800 Exception <a 'java/lang/ClassNotFoundException'{0x00000000868fccd0}: build_da9bviaf2ls7p7ldc98zd7uf4BeanInfo> (0x00000000868fccd0) thrown at [./src/hotspot/share/classfile/systemDictionary.cpp, line 231]
Event: 24.297 Thread 0x0000020632540800 Exception <a 'java/lang/ClassNotFoundException'{0x00000000867080c8}: build_da9bviaf2ls7p7ldc98zd7uf4Customizer> (0x00000000867080c8) thrown at [./src/hotspot/share/classfile/systemDictionary.cpp, line 231]
Event: 24.326 Thread 0x0000020632540800 Exception <a 'java/lang/ClassNotFoundException'{0x000000008678ee70}: org/gradle/plugin/use/internal/PluginRequestCollector$PluginDependenciesSpecImplBeanInfo> (0x000000008678ee70) thrown at [./src/hotspot/share/classfile/systemDictionary.cpp, line 231]
Event: 24.327 Thread 0x0000020632540800 Exception <a 'java/lang/ClassNotFoundException'{0x00000000867bcd20}: org/gradle/plugin/use/internal/PluginRequestCollector$PluginDependenciesSpecImplCustomizer> (0x00000000867bcd20) thrown at [./src/hotspot/share/classfile/systemDictionary.cpp, line 231]
Event: 24.833 Thread 0x0000020632540800 Exception <a 'java/lang/NoSuchMethodError'{0x0000000089f5d728}: 'java.lang.Object java.lang.invoke.DirectMethodHandle$Holder.invokeStatic(java.lang.Object, java.lang.Object, java.lang.Object, java.lang.Object, int)'> (0x0000000089f5d728) thrown at [./src/hotspot/share/interpreter/linkResolver.cpp, line 773]
Event: 24.834 Thread 0x0000020632540800 Exception <a 'java/lang/NoSuchMethodError'{0x0000000089f62120}: 'java.lang.Object java.lang.invoke.DirectMethodHandle$Holder.invokeSpecial(java.lang.Object, java.lang.Object, java.lang.Object, java.lang.Object, java.lang.Object, int)'> (0x0000000089f62120) thrown at [./src/hotspot/share/interpreter/linkResolver.cpp, line 773]
Event: 24.834 Thread 0x0000020632540800 Exception <a 'java/lang/NoSuchMethodError'{0x0000000089f66760}: 'java.lang.Object java.lang.invoke.Invokers$Holder.linkToTargetMethod(java.lang.Object, java.lang.Object, java.lang.Object, int, java.lang.Object)'> (0x0000000089f66760) thrown at [./src/hotspot/share/interpreter/linkResolver.cpp, line 773]
Event: 25.175 Thread 0x0000020632540800 Exception <a 'java/lang/NoSuchMethodError'{0x00000000891da328}: 'java.lang.Object java.lang.invoke.DirectMethodHandle$Holder.invokeSpecial(java.lang.Object, java.lang.Object, int, int, java.lang.Object, java.lang.Object, java.lang.Object)'> (0x00000000891da328) thrown at [./src/hotspot/share/interpreter/linkResolver.cpp, line 773]
Event: 25.175 Thread 0x0000020632540800 Exception <a 'java/lang/NoSuchMethodError'{0x00000000891de8a8}: 'java.lang.Object java.lang.invoke.DelegatingMethodHandle$Holder.reinvoke_L(java.lang.Object, int, int, java.lang.Object, java.lang.Object, java.lang.Object)'> (0x00000000891de8a8) thrown at [./src/hotspot/share/interpreter/linkResolver.cpp, line 773]
Event: 25.476 Thread 0x0000020632540800 Exception <a 'java/lang/NoSuchMethodError'{0x000000008856f080}: 'int java.lang.invoke.DirectMethodHandle$Holder.invokeInterface(java.lang.Object, java.lang.Object, java.lang.Object, java.lang.Object)'> (0x000000008856f080) thrown at [./src/hotspot/share/interpreter/linkResolver.cpp, line 773]
Event: 25.832 Thread 0x0000020632540800 Exception <a 'java/lang/NoSuchMethodError'{0x00000000876097c0}: 'void java.lang.invoke.DirectMethodHandle$Holder.invokeInterface(java.lang.Object, java.lang.Object, java.lang.Object, java.lang.Object)'> (0x00000000876097c0) thrown at [./src/hotspot/share/interpreter/linkResolver.cpp, line 773]
Event: 25.971 Thread 0x0000020632540800 Implicit null exception at 0x0000020622571432 to 0x0000020622571e93
Event: 26.019 Thread 0x0000020632540800 Exception <a 'java/lang/IncompatibleClassChangeError'{0x0000000086fd2598}: Found class java.lang.Object, but interface was expected> (0x0000000086fd2598) thrown at [./src/hotspot/share/interpreter/linkResolver.cpp, line 839]
Event: 26.092 Thread 0x0000020632540800 Implicit null exception at 0x00000206224b6dd4 to 0x00000206224b6fb8
Event: 26.211 Thread 0x0000020632540800 Implicit null exception at 0x000002062235ef8b to 0x000002062235f064

Events (20 events):
Event: 26.305 loading class sun/security/provider/DSA done
Event: 26.305 loading class sun/security/provider/DSA$SHA1withDSA done
Event: 26.306 loading class java/math/SignedMutableBigInteger
Event: 26.306 loading class java/math/SignedMutableBigInteger done
Event: 26.324 loading class sun/security/util/SignatureFileVerifier$ConfigurationHolder
Event: 26.324 loading class sun/security/util/SignatureFileVerifier$ConfigurationHolder done
Event: 26.327 loading class java/util/Base64
Event: 26.327 loading class java/util/Base64 done
Event: 26.327 loading class java/util/Base64$Decoder
Event: 26.327 loading class java/util/Base64$Decoder done
Event: 26.327 loading class java/util/Base64$Encoder
Event: 26.328 loading class java/util/Base64$Encoder done
Event: 26.329 loading class java/util/jar/JarVerifier$VerifierStream
Event: 26.329 loading class java/util/jar/JarVerifier$VerifierStream done
Event: 26.330 loading class sun/security/util/ManifestEntryVerifier$SunProviderHolder
Event: 26.330 loading class sun/security/util/ManifestEntryVerifier$SunProviderHolder done
Event: 26.332 loading class org/bouncycastle/operator/OperatorException
Event: 26.332 loading class org/bouncycastle/operator/OperatorException done
Event: 26.333 loading class org/bouncycastle/jce/provider/BouncyCastleProvider
Event: 26.333 loading class org/bouncycastle/jce/provider/BouncyCastleProvider done


Dynamic libraries:
0x00007ff601aa0000 - 0x00007ff601aaa000 	C:\Program Files\Android\Android Studio\jre\bin\java.exe
0x00007ffa6fa90000 - 0x00007ffa6fc85000 	C:\Windows\SYSTEM32\ntdll.dll
0x00007ffa6f1d0000 - 0x00007ffa6f28e000 	C:\Windows\System32\KERNEL32.DLL
0x00007ffa6d540000 - 0x00007ffa6d808000 	C:\Windows\System32\KERNELBASE.dll
0x00007ffa6d1a0000 - 0x00007ffa6d2a0000 	C:\Windows\System32\ucrtbase.dll
0x00007ffa588d0000 - 0x00007ffa588e9000 	C:\Program Files\Android\Android Studio\jre\bin\jli.dll
0x00007ffa56d80000 - 0x00007ffa56d97000 	C:\Program Files\Android\Android Studio\jre\bin\VCRUNTIME140.dll
0x00007ffa6f680000 - 0x00007ffa6f821000 	C:\Windows\System32\USER32.dll
0x00007ffa5c740000 - 0x00007ffa5c9da000 	C:\Windows\WinSxS\amd64_microsoft.windows.common-controls_6595b64144ccf1df_6.0.19041.1110_none_60b5254171f9507e\COMCTL32.dll
0x00007ffa6d510000 - 0x00007ffa6d532000 	C:\Windows\System32\win32u.dll
0x00007ffa6dfa0000 - 0x00007ffa6e03e000 	C:\Windows\System32\msvcrt.dll
0x00007ffa6f040000 - 0x00007ffa6f06b000 	C:\Windows\System32\GDI32.dll
0x00007ffa6d9c0000 - 0x00007ffa6dacd000 	C:\Windows\System32\gdi32full.dll
0x00007ffa6d2a0000 - 0x00007ffa6d33d000 	C:\Windows\System32\msvcp_win.dll
0x00007ffa6e8f0000 - 0x00007ffa6e920000 	C:\Windows\System32\IMM32.DLL
0x00007ffa52e40000 - 0x00007ffa52edd000 	C:\Program Files\Android\Android Studio\jre\bin\msvcp140.dll
0x00007ffa3e970000 - 0x00007ffa3f43f000 	C:\Program Files\Android\Android Studio\jre\bin\server\jvm.dll
0x00007ffa6f070000 - 0x00007ffa6f11e000 	C:\Windows\System32\ADVAPI32.dll
0x00007ffa6efa0000 - 0x00007ffa6f03c000 	C:\Windows\System32\sechost.dll
0x00007ffa6dc00000 - 0x00007ffa6dd25000 	C:\Windows\System32\RPCRT4.dll
0x00007ffa6f9e0000 - 0x00007ffa6f9e8000 	C:\Windows\System32\PSAPI.DLL
0x00007ffa679f0000 - 0x00007ffa679f9000 	C:\Windows\SYSTEM32\WSOCK32.dll
0x00007ffa5b190000 - 0x00007ffa5b1b7000 	C:\Windows\SYSTEM32\WINMM.dll
0x00007ffa5d050000 - 0x00007ffa5d05a000 	C:\Windows\SYSTEM32\VERSION.dll
0x00007ffa6eaa0000 - 0x00007ffa6eb0b000 	C:\Windows\System32\WS2_32.dll
0x00007ffa6b090000 - 0x00007ffa6b0a2000 	C:\Windows\SYSTEM32\kernel.appcore.dll
0x00007ffa65f10000 - 0x00007ffa65f21000 	C:\Program Files\Android\Android Studio\jre\bin\verify.dll
0x00007ffa5b2a0000 - 0x00007ffa5b484000 	C:\Windows\SYSTEM32\DBGHELP.DLL
0x00007ffa5afd0000 - 0x00007ffa5affc000 	C:\Windows\SYSTEM32\dbgcore.DLL
0x00007ffa6d480000 - 0x00007ffa6d502000 	C:\Windows\System32\bcryptPrimitives.dll
0x00007ffa64a90000 - 0x00007ffa64ab9000 	C:\Program Files\Android\Android Studio\jre\bin\java.dll
0x00007ffa67660000 - 0x00007ffa6766b000 	C:\Program Files\Android\Android Studio\jre\bin\jimage.dll
0x00007ffa62480000 - 0x00007ffa62498000 	C:\Program Files\Android\Android Studio\jre\bin\zip.dll
0x00007ffa6e040000 - 0x00007ffa6e784000 	C:\Windows\System32\SHELL32.dll
0x00007ffa6b290000 - 0x00007ffa6ba25000 	C:\Windows\SYSTEM32\windows.storage.dll
0x00007ffa6f320000 - 0x00007ffa6f675000 	C:\Windows\System32\combase.dll
0x00007ffa6cbf0000 - 0x00007ffa6cc1e000 	C:\Windows\SYSTEM32\Wldp.dll
0x00007ffa6e7b0000 - 0x00007ffa6e85d000 	C:\Windows\System32\SHCORE.dll
0x00007ffa6dd30000 - 0x00007ffa6dd85000 	C:\Windows\System32\shlwapi.dll
0x00007ffa6d0e0000 - 0x00007ffa6d0ff000 	C:\Windows\SYSTEM32\profapi.dll
0x00007ffa62460000 - 0x00007ffa6247a000 	C:\Program Files\Android\Android Studio\jre\bin\net.dll
0x00007ffa5e120000 - 0x00007ffa5e22c000 	C:\Windows\SYSTEM32\WINHTTP.dll
0x00007ffa6c8e0000 - 0x00007ffa6c94a000 	C:\Windows\system32\mswsock.dll
0x00007ffa62400000 - 0x00007ffa62414000 	C:\Program Files\Android\Android Studio\jre\bin\nio.dll
0x00007ffa60550000 - 0x00007ffa60577000 	C:\Users\devos\.gradle\native\8bec1ad78214c89d9ad589b4d07fe93259594b29d510b10fafb7a158f7737e5d\windows-amd64\native-platform.dll
0x00007ffa4f390000 - 0x00007ffa4f4cd000 	C:\Users\devos\.gradle\native\53dbd7edfb1c66fb8903c78663c9afc45aea4f116125fa6feffd364cf09443e8\windows-amd64\native-platform-file-events.dll
0x00007ffa67330000 - 0x00007ffa6733a000 	C:\Program Files\Android\Android Studio\jre\bin\management.dll
0x00007ffa66070000 - 0x00007ffa6607c000 	C:\Program Files\Android\Android Studio\jre\bin\management_ext.dll
0x00007ffa6cb40000 - 0x00007ffa6cb58000 	C:\Windows\SYSTEM32\CRYPTSP.dll
0x00007ffa6c200000 - 0x00007ffa6c234000 	C:\Windows\system32\rsaenh.dll
0x00007ffa6d450000 - 0x00007ffa6d477000 	C:\Windows\System32\bcrypt.dll
0x00007ffa6d0a0000 - 0x00007ffa6d0ce000 	C:\Windows\SYSTEM32\USERENV.dll
0x00007ffa6cb60000 - 0x00007ffa6cb6c000 	C:\Windows\SYSTEM32\CRYPTBASE.dll
0x00007ffa6c5d0000 - 0x00007ffa6c60b000 	C:\Windows\SYSTEM32\IPHLPAPI.DLL
0x00007ffa6f290000 - 0x00007ffa6f298000 	C:\Windows\System32\NSI.dll
0x00007ffa5f570000 - 0x00007ffa5f587000 	C:\Windows\SYSTEM32\dhcpcsvc6.DLL
0x00007ffa635f0000 - 0x00007ffa6360d000 	C:\Windows\SYSTEM32\dhcpcsvc.DLL
0x00007ffa6c610000 - 0x00007ffa6c6db000 	C:\Windows\SYSTEM32\DNSAPI.dll

dbghelp: loaded successfully - version: 4.0.5 - missing functions: none
symbol engine: initialized successfully - sym options: 0x614 - pdb path: .;C:\Program Files\Android\Android Studio\jre\bin;C:\Windows\SYSTEM32;C:\Windows\WinSxS\amd64_microsoft.windows.common-controls_6595b64144ccf1df_6.0.19041.1110_none_60b5254171f9507e;C:\Program Files\Android\Android Studio\jre\bin\server;C:\Users\devos\.gradle\native\8bec1ad78214c89d9ad589b4d07fe93259594b29d510b10fafb7a158f7737e5d\windows-amd64;C:\Users\devos\.gradle\native\53dbd7edfb1c66fb8903c78663c9afc45aea4f116125fa6feffd364cf09443e8\windows-amd64

VM Arguments:
jvm_args: --add-opens=java.base/java.util=ALL-UNNAMED --add-opens=java.base/java.lang=ALL-UNNAMED --add-opens=java.base/java.lang.invoke=ALL-UNNAMED --add-opens=java.base/java.util=ALL-UNNAMED --add-opens=java.prefs/java.util.prefs=ALL-UNNAMED --add-opens=java.prefs/java.util.prefs=ALL-UNNAMED --add-opens=java.base/java.nio.charset=ALL-UNNAMED --add-opens=java.base/java.net=ALL-UNNAMED --add-opens=java.base/java.util.concurrent.atomic=ALL-UNNAMED -Xmx2048m -Dfile.encoding=UTF-8 -Duser.country=US -Duser.language=en -Duser.variant 
java_command: org.gradle.launcher.daemon.bootstrap.GradleDaemon 7.0.2
java_class_path (initial): C:\Users\devos\.gradle\wrapper\dists\gradle-7.0.2-bin\857tjihv64xamwrf0h14cai3r\gradle-7.0.2\lib\gradle-launcher-7.0.2.jar
Launcher Type: SUN_STANDARD

[Global flags]
     intx CICompilerCount                          = 3                                         {product} {ergonomic}
     uint ConcGCThreads                            = 1                                         {product} {ergonomic}
     uint G1ConcRefinementThreads                  = 4                                         {product} {ergonomic}
   size_t G1HeapRegionSize                         = 1048576                                   {product} {ergonomic}
    uintx GCDrainStackTargetSize                   = 64                                        {product} {ergonomic}
   size_t InitialHeapSize                          = 54525952                                  {product} {ergonomic}
   size_t MarkStackSize                            = 4194304                                   {product} {ergonomic}
   size_t MaxHeapSize                              = 2147483648                                {product} {command line}
   size_t MaxNewSize                               = 1287651328                                {product} {ergonomic}
   size_t MinHeapDeltaBytes                        = 1048576                                   {product} {ergonomic}
    uintx NonNMethodCodeHeapSize                   = 5830732                                {pd product} {ergonomic}
    uintx NonProfiledCodeHeapSize                  = 122913754                              {pd product} {ergonomic}
    uintx ProfiledCodeHeapSize                     = 122913754                              {pd product} {ergonomic}
    uintx ReservedCodeCacheSize                    = 251658240                              {pd product} {ergonomic}
     bool SegmentedCodeCache                       = true                                      {product} {ergonomic}
     bool UseCompressedClassPointers               = true                                 {lp64_product} {ergonomic}
     bool UseCompressedOops                        = true                                 {lp64_product} {ergonomic}
     bool UseG1GC                                  = true                                      {product} {ergonomic}
     bool UseLargePagesIndividualAllocation        = false                                  {pd product} {ergonomic}

Logging:
Log output configuration:
 #0: stdout all=warning uptime,level,tags
 #1: stderr all=off uptime,level,tags

Environment Variables:
PATH=C:\Windows\system32;C:\Windows;C:\Windows\System32\Wbem;C:\Windows\System32\WindowsPowerShell\v1.0\;C:\Program Files\Git\cmd;C:\xampp\php;C:\composer;C:\Users\devos\AppData\Local\Microsoft\WindowsApps;C:\src\flutter;C:\src\flutter\bin;C:\Users\devos\AppData\Local\Programs\Microsoft VS Code\bin;C:\Users\devos\AppData\Roaming\Composer\vendor\bin;
USERNAME=devos
OS=Windows_NT
PROCESSOR_IDENTIFIER=Intel64 Family 6 Model 60 Stepping 3, GenuineIntel



---------------  S Y S T E M  ---------------

OS: Windows 10 , 64 bit Build 19041 (10.0.19041.1466)
OS uptime: 10 days 1:50 hours

CPU:total 4 (initial active 4) (2 cores per cpu, 2 threads per core) family 6 model 60 stepping 3 microcode 0x27, cmov, cx8, fxsr, mmx, sse, sse2, sse3, ssse3, sse4.1, sse4.2, popcnt, avx, avx2, aes, clmul, erms, lzcnt, ht, tsc, tscinvbit, bmi1, bmi2, fma

Memory: 4k page, system-wide physical 3232M (272M free)
TotalPageFile size 12960M (AvailPageFile size 4M)
current process WorkingSet (physical memory assigned to process): 343M, peak: 343M
current process commit charge ("private bytes"): 381M, peak: 383M

vm_info: OpenJDK 64-Bit Server VM (11.0.10+0-b96-7249189) for windows-amd64 JRE (11.0.10+0-b96-7249189), built on Mar 31 2021 21:44:00 by "builder" with MS VC++ 14.0 (VS2015)

END.
